[debug] [2021-09-21T08:03:04.440Z] ----------------------------------------------------------------------
[debug] [2021-09-21T08:03:04.444Z] Command:       C:\Program Files\nodejs\node.exe E:\nani\fireship.io-master\node_modules\firebase-tools\lib\bin\firebase.js deploy --debug --token 1//0gZ2aZgcrH_IlCgYIARAAGBASNwF-L9IrPuhWQZPotCU9ch6x2kEO0ubrhdYkCXFZOLFbfE_zrCzhRLP06pF22qPlbbONJFfPpw8 --only hosting
[debug] [2021-09-21T08:03:04.445Z] CLI Version:   7.16.2
[debug] [2021-09-21T08:03:04.445Z] Platform:      win32
[debug] [2021-09-21T08:03:04.446Z] Node Version:  v14.16.1
[debug] [2021-09-21T08:03:04.447Z] Time:          Tue Sep 21 2021 13:33:04 GMT+0530 (India Standard Time)
[debug] [2021-09-21T08:03:04.448Z] ----------------------------------------------------------------------
[debug] [2021-09-21T08:03:04.448Z] 
[debug] [2021-09-21T08:03:04.464Z] > command requires scopes: ["email","openid","https://www.googleapis.com/auth/cloudplatformprojects.readonly","https://www.googleapis.com/auth/firebase","https://www.googleapis.com/auth/cloud-platform"]
[debug] [2021-09-21T08:03:04.466Z] > authorizing via --token option
[debug] [2021-09-21T08:03:04.467Z] [iam] checking project gurucodes-67a76 for permissions ["firebase.projects.get","firebasehosting.sites.update"]
[debug] [2021-09-21T08:03:04.469Z] > refreshing access token with scopes: ["email","openid","https://www.googleapis.com/auth/cloudplatformprojects.readonly","https://www.googleapis.com/auth/firebase","https://www.googleapis.com/auth/cloud-platform"]
[debug] [2021-09-21T08:03:04.471Z] >>> HTTP REQUEST POST https://www.googleapis.com/oauth2/v3/token  
 <request body omitted>
[debug] [2021-09-21T08:03:04.911Z] <<< HTTP RESPONSE 200
[debug] [2021-09-21T08:03:04.916Z] >>> HTTP REQUEST POST https://cloudresourcemanager.googleapis.com/v1/projects/gurucodes-67a76:testIamPermissions  

[debug] [2021-09-21T08:03:06.604Z] <<< HTTP RESPONSE 200
[debug] [2021-09-21T08:03:06.607Z] >>> HTTP REQUEST GET https://firebase.googleapis.com/v1beta1/projects/gurucodes-67a76  
 
[debug] [2021-09-21T08:03:12.491Z] <<< HTTP RESPONSE 200
[debug] [2021-09-21T08:03:12.495Z] [WARNING] Unable to fetch default resources. Falling back to project id (gurucodes-67a76)
[info] 
[info] === Deploying to 'gurucodes-67a76'...
[info] 
[info] i  deploying hosting
[debug] [2021-09-21T08:03:15.238Z] >>> HTTP REQUEST POST https://firebasehosting.googleapis.com/v1beta1/sites/gurucodes-67a76/versions  

[debug] [2021-09-21T08:03:17.990Z] <<< HTTP RESPONSE 200
[info] i  hosting[gurucodes-67a76]: beginning deploy...
[info] i  hosting[gurucodes-67a76]: found 1858 files in public
[debug] [2021-09-21T08:03:18.425Z] [hosting] hash cache [cHVibGlj] not populated
[debug] [2021-09-21T08:03:19.848Z] >>> HTTP REQUEST POST https://firebasehosting.googleapis.com/v1beta1/sites/gurucodes-67a76/versions/74277050ad501596:populateFiles  
 <request body omitted>
[info] i  hosting: hashing files [1251/1858] (67%)
[debug] [2021-09-21T08:03:21.706Z] [hosting] hash cache [cHVibGlj] stored for 1858 files
[debug] [2021-09-21T08:03:21.713Z] [hosting][hash queue][FINAL]
[debug] [2021-09-21T08:03:21.715Z] >>> HTTP REQUEST POST https://firebasehosting.googleapis.com/v1beta1/sites/gurucodes-67a76/versions/74277050ad501596:populateFiles  
 <request body omitted>
[info] i  hosting: adding files to version [0/1858] (0%)
[info] i  hosting: adding files to version [0/1858] (0%)
[debug] [2021-09-21T08:03:24.612Z] <<< HTTP RESPONSE 200
[info] i  hosting: adding files to version [1000/1858] (53%)
[info] i  hosting: adding files to version [1000/1858] (53%)
[debug] [2021-09-21T08:03:29.145Z] [hosting][upload]
[info] i  hosting: adding files to version [1000/1858] (53%)
[info] i  hosting: adding files to version [1000/1858] (53%)
[debug] [2021-09-21T08:03:33.086Z] <<< HTTP RESPONSE 200
[debug] [2021-09-21T08:03:33.100Z] [hosting][populate queue][FINAL]
[debug] [2021-09-21T08:03:33.104Z] [hosting] uploads queued: 1854
[info] i  hosting: uploading new files [2/1854] (0%)
[debug] [2021-09-21T08:03:35.530Z] [uploadQueue] Retrying task 9c8e0b04ccd64626fecf37eea11da405dd6303f2aef1eedace8c3dfda093ad19
[debug] [2021-09-21T08:03:35.535Z] [uploadQueue] Retrying task 17fb5ecbf52510cb4e823d78273edb1259ea1c6334bd63a8e125252394f6ad17
[debug] [2021-09-21T08:03:35.537Z] [uploadQueue] Retrying task f8560e256bb17484c6c39d7fb31561e297bd9a5e9324c14481244d24354ae5e3
[debug] [2021-09-21T08:03:35.538Z] [uploadQueue] Retrying task 40b2779168be3faef51af36d964b0264c5b97e46209a2ad1cd8b9a12704d488d
[debug] [2021-09-21T08:03:35.540Z] [uploadQueue] Retrying task c7ffac47f842d57fe3b04ada443b848f56c0709ad42daa2395a4fddad656966f
[debug] [2021-09-21T08:03:35.549Z] [uploadQueue] Retrying task bcf3425803d34ef97f89e96f2f98a85a303b85efe16be1e4d0e1284b5cb46fc4
[debug] [2021-09-21T08:03:35.553Z] [uploadQueue] Retrying task da1810f0f1848b5cf0dd68e9265149c4967fe46c749b9c3378028d7949d36130
[debug] [2021-09-21T08:03:35.555Z] [uploadQueue] Retrying task 266b775ebbd9c1255372c8a42ecdaf04d0bd7f4eb14bc271524727ea7fa23e98
[debug] [2021-09-21T08:03:35.561Z] [uploadQueue] Retrying task cabdc815e89268e34fc76bb23663056ec4c7967c7412854e70a6a360c6f27267
[debug] [2021-09-21T08:03:35.562Z] [uploadQueue] Retrying task 5e03f3a5cb0a1062508efb825054b5b51b1caacc4fab2bfa7d7fec132528b11c
[debug] [2021-09-21T08:03:35.563Z] [uploadQueue] Retrying task fdef3de3bb26318cda6fc13602a66bca7ea434a144f9faf8c0ae8d0b3b7e805e
[debug] [2021-09-21T08:03:35.568Z] [uploadQueue] Retrying task 0473e2d59c805439ef01ab0d770783ae242b42180d20c495ef207eaba1202303
[debug] [2021-09-21T08:03:35.569Z] [uploadQueue] Retrying task ca30dcdcdd8e6046ab4a60d107e646be0df95fd6b133e761540d0760e7bc7375
[debug] [2021-09-21T08:03:35.570Z] [uploadQueue] Retrying task ea5756e6135d82584cabb3fa78bb8d889b3bfc4c600671b31f93d5c760ec5698
[debug] [2021-09-21T08:03:35.572Z] [uploadQueue] Retrying task a233904a550c582e97b5f0ef076df500d07d9db9d068e06239a3578a57787581
[debug] [2021-09-21T08:03:35.573Z] [uploadQueue] Retrying task bef08d0f89d86db474b6c5506690162d845ecc82948fed8dae156a857ee249cb
[debug] [2021-09-21T08:03:35.578Z] [uploadQueue] Retrying task 5fd3592d32051062cfd4c3d0876d4248c007a4321319ee4ec5b430fce2c8a882
[debug] [2021-09-21T08:03:35.579Z] [uploadQueue] Retrying task 1b0e72ded5bc9dbc939a993f92e3547afc7c15faf9e5b7b54f8bfd5fc2626416
[debug] [2021-09-21T08:03:35.591Z] [uploadQueue] Retrying task 384ce41b1d8f39c088ff07c49d1b980ac42f23a04771dfc82cc08a355b12a1e2
[debug] [2021-09-21T08:03:35.593Z] [uploadQueue] Retrying task eb7238c7b2fadf48f593b41304a79e770098bdfbd1d87b11961995523ef37578
[debug] [2021-09-21T08:03:35.594Z] [uploadQueue] Retrying task ecbef83b57f53693616caac47b554b84bfc334cf25341cf2efa32703e550efbd
[debug] [2021-09-21T08:03:35.597Z] [uploadQueue] Retrying task d6670c864a2253c6a091ab297d074cf647ca9a5c242c78b92355222a2a108ac3
[debug] [2021-09-21T08:03:35.598Z] [uploadQueue] Retrying task 953c5f6feda25383f4d600d860ad7d2f6f87061be0faf23c09f7e53c2256f72c
[debug] [2021-09-21T08:03:35.599Z] [uploadQueue] Retrying task 04fb1458d5c6e33d6560da00e0b76226538cb9edc91a5835ef99531886fdd8ba
[debug] [2021-09-21T08:03:35.600Z] [uploadQueue] Retrying task 4173d36db87b48fba9973e8e3f47e6178cc20a8bec2f561c158a153abe5d8b6d
[debug] [2021-09-21T08:03:35.602Z] [uploadQueue] Retrying task 9d44a6e28f5d30b40df3aab9718da0739e029f9dd445c8510845da9dc0668c6f
[debug] [2021-09-21T08:03:35.608Z] [uploadQueue] Retrying task fb7902ac11b03d4d83e6b087fec26cbe651e23f617e983fc9dbcf17c7b3596f5
[debug] [2021-09-21T08:03:35.616Z] [uploadQueue] Retrying task be96a026d7781fc703b37118cff0707345473876c2842fc09ce8e7a0eb199733
[debug] [2021-09-21T08:03:35.642Z] [uploadQueue] Retrying task 8426be7e6351f739ce6ffb1b6826a4ad45a9af93611f1d9736168ef4aceae3ba
[debug] [2021-09-21T08:03:35.643Z] [uploadQueue] Retrying task ee48195004a5d28bfcf1ffcd32e589ee59784313e98a8363411200a4f821486a
[debug] [2021-09-21T08:03:35.644Z] [uploadQueue] Retrying task b5b2eb3a488e30d6d371aa4dd89b7c95253daf7f55fbf5d364df3b099a23da18
[debug] [2021-09-21T08:03:35.646Z] [uploadQueue] Retrying task 3245bead7bb1ae1800771c11a52599e648da4ca42549257a4917509c4aa40311
[debug] [2021-09-21T08:03:35.647Z] [uploadQueue] Retrying task 82f0bb7720753ac8cc63bae5f356eebbaf2e15b6815bcac326ea8e31d460159a
[debug] [2021-09-21T08:03:35.648Z] [uploadQueue] Retrying task 9678d63e8c66558f0503869d3129781c298309b621d1b190f7a515a38bd1bb95
[debug] [2021-09-21T08:03:35.649Z] [uploadQueue] Retrying task e080b04de04ae208d60d13266544057e400051a310131dc30550a14847013fef
[debug] [2021-09-21T08:03:35.650Z] [uploadQueue] Retrying task bff55138c864c246a9fdffea6f6491628785d2b20eb05696e2726f1c65bc90df
[debug] [2021-09-21T08:03:35.655Z] [uploadQueue] Retrying task b0251ad83a0c28c66b1b61dcead14b1ec6d3f8582f4f491c8372285064e4e0eb
[debug] [2021-09-21T08:03:35.656Z] [uploadQueue] Retrying task d14a416c197410b2889760b85aa0d60eabcb7e4178dda14339d4e36dba2ec4ea
[debug] [2021-09-21T08:03:35.664Z] [uploadQueue] Retrying task ad3413d7ba35b2797a7d19ea1eac9298b4d18bb17e0ece77b97ed64109d43cfb
[debug] [2021-09-21T08:03:35.677Z] [uploadQueue] Retrying task cd70a65f597ac88e5fc47e4b55df26c6db5577e924802925385086c40c83808a
[debug] [2021-09-21T08:03:35.686Z] [uploadQueue] Retrying task b8e592195ea45835766faecf8e6a3a319accf9715e359e2f4df6bda7703c7cba
[debug] [2021-09-21T08:03:35.687Z] [uploadQueue] Retrying task 10565dd285f2f580c000904acc17a545ee053e5cc3d72afa6afb1327f039c12e
[debug] [2021-09-21T08:03:35.692Z] [uploadQueue] Retrying task bec3213c0cd32c2b381a0ce5b1c1ec0a5dfe670b5ec99c06195ce4279dfce02d
[debug] [2021-09-21T08:03:35.697Z] [uploadQueue] Retrying task 6a1df71d07501d0c42fe553c71e56092cbeb7ee37295d77ff70ac001852a63a7
[debug] [2021-09-21T08:03:35.720Z] [uploadQueue] Retrying task fdeef422dae6a3eaaef3416d92d9f246e22187a4a6877581f2ebbc53c5ee45bd
[debug] [2021-09-21T08:03:35.722Z] [uploadQueue] Retrying task 301253211e97f64e2b06171ce211bfbc53150f8012f1118734da3bce6e58ae8a
[debug] [2021-09-21T08:03:35.723Z] [uploadQueue] Retrying task d45676ef40c0bacd237760243ce5a15a4a41c0ad5e27db4f725beddad86cc295
[debug] [2021-09-21T08:03:35.725Z] [uploadQueue] Retrying task 4f400f472dc9b84eb79e77a501b5400f6a6b2f788e6e702f65da61c6bec6363b
[debug] [2021-09-21T08:03:35.727Z] [uploadQueue] Retrying task 29778f8f08514b2f778666cad534d881ada189be8be98e4a3dc42e99e5aae1ee
[debug] [2021-09-21T08:03:35.728Z] [uploadQueue] Retrying task 00a59fbba7d0f71ceb77d487ef65d6440903bf7a419a8bfa84cb60d3ca15008e
[debug] [2021-09-21T08:03:35.729Z] [uploadQueue] Retrying task fa18df0196aca83fadf0410318ee7ecd86052b859586a76888afb8166f58091d
[debug] [2021-09-21T08:03:35.730Z] [uploadQueue] Retrying task 760d69218fdc604aa95c9b731be39e97a38cc3480e0d51ff39f86955551b656b
[debug] [2021-09-21T08:03:35.731Z] [uploadQueue] Retrying task 48b7465ceb551f835847c963bb267e8ecc875add4bbffe49f69bf198e9f477f7
[debug] [2021-09-21T08:03:35.732Z] [uploadQueue] Retrying task 78be114abb82fd99d2db10d9b9f978c7b3a0c27ab45ba0a379473e2c05268856
[debug] [2021-09-21T08:03:35.733Z] [uploadQueue] Retrying task d42df3b7a931444c935d541e7786faba16892e2c74956e5dda0edb386bb37c71
[debug] [2021-09-21T08:03:35.735Z] [uploadQueue] Retrying task 9ba3f08488ac3504ef7e8ce266482bfc815af38ed77d567e785f014b99adb1b6
[debug] [2021-09-21T08:03:35.737Z] [uploadQueue] Retrying task f9a5f7f396f3f1664f8ac1e5144d7b8fd79b3205dc2c840d7c6fd63a300e769c
[debug] [2021-09-21T08:03:35.738Z] [uploadQueue] Retrying task 689da55c3041ac011ace6760cdd746490ee32db96bd7203f24a190b149fd8d70
[debug] [2021-09-21T08:03:35.739Z] [uploadQueue] Retrying task e304ce3f937d581ded25de56138f32b5d9c207e78cb2354fa753baa6dae248e6
[debug] [2021-09-21T08:03:35.741Z] [uploadQueue] Retrying task b3f5fca8574756e65a6d082af619eb60e6f71573ffed6215e7a5ef7939aaa9b7
[debug] [2021-09-21T08:03:35.742Z] [uploadQueue] Retrying task 69252a3ff3f76e6d1a38f5c9bce0bc4194510e98c0f8a58f0284a3ca2f84b7f5
[debug] [2021-09-21T08:03:35.756Z] [uploadQueue] Retrying task d044068ce0d5bc1f8811f9f3c1cabfa18b68995fc84096e18ef65705ba30769c
[debug] [2021-09-21T08:03:35.757Z] [uploadQueue] Retrying task f0524f74868892deb9f6337ab46680751320920e426f9e243dea0a4c44fe6f0b
[debug] [2021-09-21T08:03:35.758Z] [uploadQueue] Retrying task cf701a56813f835b4a3cd172336626d22241c56db86f3a9e6d3177109c6fce41
[debug] [2021-09-21T08:03:35.769Z] [uploadQueue] Retrying task 1dde6bc3cccb2006013f8294f8743ecb416db2882f082d35e28147d7ebc4cdd2
[debug] [2021-09-21T08:03:35.771Z] [uploadQueue] Retrying task 4655ab97579fb204b24f9096f57719fd74a27ca202cc95ce77d7c5b3ee0ff130
[debug] [2021-09-21T08:03:35.773Z] [uploadQueue] Retrying task 7ddca2a716adc91a3c37b31894c24aab9533f61bd27716b35963eae153c73f7d
[debug] [2021-09-21T08:03:35.774Z] [uploadQueue] Retrying task 0c2c6ca6e9bdbf8efbdee44a34e1061f3f07f0cb45cd3c9ed7f5f689691057a5
[debug] [2021-09-21T08:03:35.775Z] [uploadQueue] Retrying task 00cc9df1b50abeb7bde2a0603a192005bfce1311a6802565b99fb9deefd99430
[debug] [2021-09-21T08:03:35.777Z] [uploadQueue] Retrying task 2007558fcc8bf74128140fe9e3ebb637d76bd5603a9b5e2c4ea5252d07450e47
[debug] [2021-09-21T08:03:35.783Z] [uploadQueue] Retrying task e515e8bf4f91653ec539502677d8fa85515c564abdb1146e3eadfb887352dc32
[debug] [2021-09-21T08:03:35.784Z] [uploadQueue] Retrying task be0eb93ae840431bc425127538e41d98d62c56c3931a88ba5af7edffbff9cf45
[debug] [2021-09-21T08:03:35.786Z] [uploadQueue] Retrying task 4b2301b3d5daef896680b9fdc22602e319275d941e12d3dc29514acfc6a576a7
[debug] [2021-09-21T08:03:35.787Z] [uploadQueue] Retrying task 18caf32697e54acd04317de1c682f7259baf620b06030a97730a6c1f140074e2
[debug] [2021-09-21T08:03:35.788Z] [uploadQueue] Retrying task 76f9e2ae4afa0f8dac9be7096ae327f8c04ebe8424ca6753b5dbad09a1d56194
[debug] [2021-09-21T08:03:35.789Z] [uploadQueue] Retrying task 1a65c43fcca9abc6f630462a41387481cb4163df577cc1257bf9a3074358a6e0
[debug] [2021-09-21T08:03:35.790Z] [uploadQueue] Retrying task ab71f258aafcc3badbdb0fa5f37ca29734f5d877498587de37460af89e64969f
[debug] [2021-09-21T08:03:35.798Z] [uploadQueue] Retrying task 705aadd19bf500d3b3f393e485594697ac6b713b2f98cbea27b0f80b490b0ef5
[debug] [2021-09-21T08:03:35.799Z] [uploadQueue] Retrying task c670ba2b67cb5860bdee6ff7cf48cc8f74089f3121c636f7457f3a08048be521
[debug] [2021-09-21T08:03:35.800Z] [uploadQueue] Retrying task 9f8749b924f88d446f1bef9cedbe880643fb1c798f96a5c3dcd98e750df8be45
[debug] [2021-09-21T08:03:35.802Z] [uploadQueue] Retrying task 30ba37c74a571e365be14df29389f7f102624ed89a634653aea0d1c24671549b
[debug] [2021-09-21T08:03:35.803Z] [uploadQueue] Retrying task d3e6825fbdcd2ff4ba33358e3b67564c1cf95436b6f312455fefeb88cd5f9a1b
[debug] [2021-09-21T08:03:35.804Z] [uploadQueue] Retrying task 34ac55d7a3c19d4527350ce796283524ee06254172846c326ebc6500d01bb950
[debug] [2021-09-21T08:03:35.805Z] [uploadQueue] Retrying task 330a92b9219d587b4c587aae3a0a576fea992b7962753e3ce4167aa3c83d8958
[debug] [2021-09-21T08:03:35.807Z] [uploadQueue] Retrying task 1040f074d172269f1515ee0e391b40b1b552bf621f7d6819f18ac4010e6cee2a
[debug] [2021-09-21T08:03:35.808Z] [uploadQueue] Retrying task 92d5242f488e847997b3316deb328570ef133a83b0d3376672e859e727c8ebe5
[debug] [2021-09-21T08:03:35.810Z] [uploadQueue] Retrying task 38fd72269fb685a7ea9f93a5fdb3659f9cb5267a00fc8609c347879b111b1dc8
[debug] [2021-09-21T08:03:35.811Z] [uploadQueue] Retrying task 7a1be74376bcd00094b084f9c20beeb65424b0114b8e9c0d6413485ca51ec2f5
[debug] [2021-09-21T08:03:35.829Z] [uploadQueue] Retrying task ee6316d3cdb5c5dfaab25ef4eab73c82afeb4f48da941e4633b3924c497e735d
[debug] [2021-09-21T08:03:35.831Z] [uploadQueue] Retrying task 9bc9cddf5d1ab9e7b88b03e95266e77e701573047f5ab8f8d20acd64732bf60b
[debug] [2021-09-21T08:03:35.832Z] [uploadQueue] Retrying task 2d73123f5e415eeef74f6a4de667db2dfd19795c23ed8cbc9e261e8188013860
[debug] [2021-09-21T08:03:35.834Z] [uploadQueue] Retrying task 727af104edd67c111317312debbc64df834ff8ee711119a7d88b57e888d1f423
[debug] [2021-09-21T08:03:35.836Z] [uploadQueue] Retrying task 12cfa7cdf39552836934a30bd6e154e4fa2df7cc4e30b99b232fe9c86ca80fa1
[debug] [2021-09-21T08:03:35.838Z] [uploadQueue] Retrying task f4150a1a742bd1f3c7d73ec0254fb7493dacfc9f441b10b122cc48a8674b0e03
[debug] [2021-09-21T08:03:35.840Z] [uploadQueue] Retrying task a4c28cebf3214a22cc7450e483bb50e2ac48993e8e54937c40707aaab1e2a9b3
[debug] [2021-09-21T08:03:35.842Z] [uploadQueue] Retrying task 0e0d7e0de983bd6120a9391344221fe1ad77870959104451933f36d0011d1999
[debug] [2021-09-21T08:03:35.844Z] [uploadQueue] Retrying task 15f70b3ab1e0d43e975ed7c083555c745bc1a1b2d6748cd8e8291a1b7f495c79
[debug] [2021-09-21T08:03:35.845Z] [uploadQueue] Retrying task 06f4263f679b4c6438c095fef16f56e0c33dad9b38c9fd0cde84cc8fb061d246
[debug] [2021-09-21T08:03:35.848Z] [uploadQueue] Retrying task 12b04b24269f7a128dc1253e8adc307f48396b11a41e56e90b350cd10a18244d
[debug] [2021-09-21T08:03:35.849Z] [uploadQueue] Retrying task a029e554d1d31d2306bb0e6b44956dc9b8fdf5c6a4cb794a2d061c855a0a1e76
[debug] [2021-09-21T08:03:35.850Z] [uploadQueue] Retrying task bca6c74b4727e93dfe580bf595207332778c104d854a0c98049b1ab6b08e69f0
[debug] [2021-09-21T08:03:35.852Z] [uploadQueue] Retrying task ef358f8eebec6f86fe8efc5ec804aa1ebaca416e24c5d72e3ad062c29c64c8a5
[debug] [2021-09-21T08:03:35.853Z] [uploadQueue] Retrying task 68de5c62d479c8b52d421fae975d6a74b08995b1d4d965d5b0ae5bfabe60f88c
[debug] [2021-09-21T08:03:35.855Z] [uploadQueue] Retrying task 56202d65ec0ed28a3c1770dea427dff76e3684e3a76dcf92bdb7b67002d10214
[debug] [2021-09-21T08:03:35.856Z] [uploadQueue] Retrying task 1d8c65daa99ed887d1f721b32905b888778f7810ce371ca2c210c67baed0c8ad
[debug] [2021-09-21T08:03:35.857Z] [uploadQueue] Retrying task 935e118d519fbb5f33c9da68c0cb74e2ad8b3979401aa3aade425555f5556004
[debug] [2021-09-21T08:03:35.859Z] [uploadQueue] Retrying task 563a37b60c6f364bb8c6592d7a9ed877ae0604f09ed704d00228c33af72b0898
[debug] [2021-09-21T08:03:35.861Z] [uploadQueue] Retrying task 9ca36bb09a8a95f130a71c01576ccc61796318ce34d26003eafdca6d1aa5a51e
[debug] [2021-09-21T08:03:35.880Z] [uploadQueue] Retrying task 7689ae7fb74f77875122fbc3b06cd9e3df46ce310e8161e4c0059370003b009b
[debug] [2021-09-21T08:03:35.882Z] [uploadQueue] Retrying task 737462c96a76588f867bff76bd98a5aec96c389467523e036860ce99cf16d0a9
[debug] [2021-09-21T08:03:35.884Z] [uploadQueue] Retrying task 0f9a1f099aa998163a329b196ab8ea4b6384156ceeb05bf8dabe5ae226d996b0
[debug] [2021-09-21T08:03:35.886Z] [uploadQueue] Retrying task d8ec031e98a998e21e2edfa2ebe0263faadbe9eba6e01817578a9beefaea5949
[info] i  hosting: uploading new files [2/1854] (0%)
[debug] [2021-09-21T08:03:37.163Z] [uploadQueue] Retrying task 2a56a5792181b10ed5eabb51d773cebaaf982ab6848ca86b6214cce1394da2c0
[debug] [2021-09-21T08:03:38.041Z] [uploadQueue] Retrying task 44723e886fe45a093f223b96b47ad508f135328685fe8ae79ec646d6873a4bde
[info] i  hosting: uploading new files [3/1854] (0%)
[info] i  hosting: uploading new files [3/1854] (0%)
[info] i  hosting: uploading new files [6/1854] (0%)
[info] i  hosting: uploading new files [11/1854] (0%)
[info] i  hosting: uploading new files [29/1854] (1%)
[info] i  hosting: uploading new files [38/1854] (2%)
[debug] [2021-09-21T08:03:48.861Z] [uploadQueue] Retrying task 465efe3dd90dd591e1134dddf0177eec1e0ede7475391b37558a547660aa8075
[info] i  hosting: uploading new files [42/1854] (2%)
[info] i  hosting: uploading new files [42/1854] (2%)
[info] i  hosting: uploading new files [42/1854] (2%)
[debug] [2021-09-21T08:03:55.808Z] [uploadQueue] Retrying task 6723db898375dd99a4c2d7fc3ebdca1fcc6efba7ee164180df33b59946fd0aeb
[debug] [2021-09-21T08:03:55.827Z] [uploadQueue] Retrying task 2136af3ade6d778f20d245d5b40c5a64f4a3e7964831a411def9d6224512ed6a
[debug] [2021-09-21T08:03:55.936Z] [uploadQueue] Retrying task 6ec54756d6c8b171e10481f4afb83f74f70b8c66c8ee4a5c25d975f6f95c37c5
[debug] [2021-09-21T08:03:55.944Z] [uploadQueue] Retrying task b2d21cdf6d71429889144160cac3d00274104295d07b11069a728a6a61b49f5c
[debug] [2021-09-21T08:03:55.946Z] [uploadQueue] Retrying task ee1fdf74832cc8b42bbeafeaa42dfeaef9c9b6904a8d16d41398ebb2eedaa314
[debug] [2021-09-21T08:03:55.962Z] [uploadQueue] Retrying task 26afb11a983bbe6caad71deaa7e6e3acc9d3986c897016ab2f1a7efb6424481e
[debug] [2021-09-21T08:03:55.983Z] [uploadQueue] Retrying task 06339eb2d8e5b02e1e6b871a5013daf14b477735cff34a2340615190ac105060
[debug] [2021-09-21T08:03:56.045Z] [uploadQueue] Retrying task 81403f74ecebdfddcf41d163289209c16c2a6664857736d973bcd6f732a6c836
[debug] [2021-09-21T08:03:56.061Z] [uploadQueue] Retrying task 2717e792ff26c05bc0a0bd63c411250463a00345f70be1d4c33f5618450d0d29
[debug] [2021-09-21T08:03:56.077Z] [uploadQueue] Retrying task a9279394960ed92792c7669f936d1f12b613aff05811cde8fb06c56fbbce9220
[debug] [2021-09-21T08:03:56.093Z] [uploadQueue] Retrying task 2b2c9343e34924108941f7b41ab48f165cb9a5fb4c92498e9575b5a6147a5cb5
[debug] [2021-09-21T08:03:56.108Z] [uploadQueue] Retrying task c4080927745fb00cbac16d189542f04cec841b4a00692f7530eb990133884a7b
[debug] [2021-09-21T08:03:56.109Z] [uploadQueue] Retrying task 45f8ef367d7845c09b3ce2d686a5c782bedbf7f1729d6d3f8820588230dd5aa1
[debug] [2021-09-21T08:03:56.140Z] [uploadQueue] Retrying task bd0f10613054f1c1b74f643d5ed0617bc71494ed047243a3071b7684105e0499
[debug] [2021-09-21T08:03:56.248Z] [uploadQueue] Retrying task fd4958c6d646238b7ff69555b2da94455b8333a87da08cfbb1cf48d5c9634737
[debug] [2021-09-21T08:03:56.260Z] [uploadQueue] Retrying task c12b558a71ca83a4a663d2a1df74d075a2a256f676c5f8d3c87f960eae561719
[debug] [2021-09-21T08:03:56.265Z] [uploadQueue] Retrying task dddc2d472c690dfe2964c628bef5747c119fbd6eb463fd415e32221baab2f609
[debug] [2021-09-21T08:03:56.269Z] [uploadQueue] Retrying task a5c215befde2a0ac381450e74566cef5133ebf93855a6aa89a93a6bc577da633
[debug] [2021-09-21T08:03:56.275Z] [uploadQueue] Retrying task 71b6a8ab39e80c251f4fa6e3dcd3cc135608cbd9801270b025f43fa7fa13fd1c
[debug] [2021-09-21T08:03:56.308Z] [uploadQueue] Retrying task f7f737fbaf7ebe291612e3899e68fb6078ff5d085342fdc8f7ef163fb6ed1225
[debug] [2021-09-21T08:03:56.310Z] [uploadQueue] Retrying task d503987b6f753e76e610eafc6c0804f47f3d95e7a43dfdd6ca77fe286ca1a349
[debug] [2021-09-21T08:03:56.311Z] [uploadQueue] Retrying task 253e4b34b9a2ecaa97c4e8d13a9dcbce29556e97220e5f784c07fdb12bd03537
[debug] [2021-09-21T08:03:56.321Z] [uploadQueue] Retrying task 0ae4db05d0d602e3a336137fe1c328bc06eb2fa721112ce414c65497d7dc9852
[debug] [2021-09-21T08:03:56.323Z] [uploadQueue] Retrying task 6c5b049f447c886e1312647339a090d6e62821588b5ba0db58d849b44cbaab50
[debug] [2021-09-21T08:03:56.339Z] [uploadQueue] Retrying task 9abaf4a9c1058d0beae5fd9de6e79318269d20ff0552c3151e8c64c7681d6fdc
[debug] [2021-09-21T08:03:56.349Z] [uploadQueue] Retrying task 8e77da4c27fbe840300c5d8d86d903b0e721d37c151ff9c339ed4c3b238cfaf3
[debug] [2021-09-21T08:03:56.369Z] [uploadQueue] Retrying task dbc0c370e8f08e25f67d7217c05450c111ee04ee3cc1f84cf2b5962c5ee3c203
[debug] [2021-09-21T08:03:56.371Z] [uploadQueue] Retrying task be220f67e927627981eff97312aae892d6f414ee1dfd477495e2b0778fd6c992
[debug] [2021-09-21T08:03:56.371Z] [uploadQueue] Retrying task d06c3b9cf60d5dbbbdb1e37e91f3d8ca950ed7e423e7b59c06a0a04e7c51993f
[debug] [2021-09-21T08:03:56.415Z] [uploadQueue] Retrying task 7051a4f32f888581e721a024f2744c91442a58ff1f5ce09904bd3b9020323f02
[debug] [2021-09-21T08:03:56.446Z] [uploadQueue] Retrying task 1162c6ac8e6b6d2ccea4b94fc978c82ef00fc991c9b496aba47d1f7d0e5377c8
[debug] [2021-09-21T08:03:56.507Z] [uploadQueue] Retrying task 700d938b6e5a0440a4077de25bc5f08a10c8f3a325ef7d1e9e8ed5217a366972
[debug] [2021-09-21T08:03:56.511Z] [uploadQueue] Retrying task 960d466fb07412d245c88236b6155fb74cd762246fa2b7085e0f860f158c13a1
[info] i  hosting: uploading new files [42/1854] (2%)
[debug] [2021-09-21T08:03:56.554Z] [uploadQueue] Retrying task 91be671a9098140cded659938d8b5cca52852d1b4a1b90cfcf7c3ef3c61fa3fd
[debug] [2021-09-21T08:03:56.601Z] [uploadQueue] Retrying task 2138ad1e363a2114a4812072a0c619bff1c44ce9436abcb318a7d5719951b66c
[debug] [2021-09-21T08:03:56.649Z] [uploadQueue] Retrying task 7755e201b7d45d9b281b9eaa208c2cb29335e8b82bba8ceb2424e455332abf4b
[debug] [2021-09-21T08:03:56.650Z] [uploadQueue] Retrying task aee410519b31b880c490ed179aa0574b04055bcb6aeef01e6c5e4ff9dc5459d3
[debug] [2021-09-21T08:03:56.654Z] [uploadQueue] Retrying task 3e0f171921010a2c13ef22cb938cf24f2bf5b413c84000163a68941f26c76ee6
[debug] [2021-09-21T08:03:56.696Z] [uploadQueue] Retrying task a7e87ddb4b0578a054eb57520229f7ed6b0d2ddde73cfc38447116ca1a04086f
[debug] [2021-09-21T08:03:56.727Z] [uploadQueue] Retrying task 5afd57c30a92cfed85076feae0a02cf7d16898c5114abb760ba20a7c586c5c27
[debug] [2021-09-21T08:03:56.742Z] [uploadQueue] Retrying task d6f89e3696dbfefda9ebe5cfeb86bcdf18b5da95e0080e249fa4545e31fb5aee
[debug] [2021-09-21T08:03:56.898Z] [uploadQueue] Retrying task 5de59d181f2437ed2cd3b29ad73ba0f0ecf20785482caf056c2077382d4aabaf
[debug] [2021-09-21T08:03:56.902Z] [uploadQueue] Retrying task 87f1bf9d0bb1f9c0c0b62140cd743e8902b00d7333f974ba14b2b08981c40c11
[debug] [2021-09-21T08:03:56.909Z] [uploadQueue] Retrying task 05b959afca32cd8adcc4c9222de7a4f2121ff9e839c3a12764201f6f4856c5cd
[debug] [2021-09-21T08:03:56.943Z] [uploadQueue] Retrying task 33fd5ca1c428dcb9b6f75e4a703b30194bc81a41e19fa0efbab55ddea62eb897
[debug] [2021-09-21T08:03:56.959Z] [uploadQueue] Retrying task 7b67c13dd866406e45454c91ae71f640be860409a272d06ebba8c617dc7b4c55
[debug] [2021-09-21T08:03:56.960Z] [uploadQueue] Retrying task f2f8c9b7435c1b883726899a6211d98670f88351e21706282f09028d3376b94d
[debug] [2021-09-21T08:03:57.348Z] [uploadQueue] Retrying task f06d607bf65dadc5a756077c8140ab73eabe12f6e141189c2320e8bad13c6761
[info] i  hosting: uploading new files [45/1854] (2%)
[info] i  hosting: uploading new files [47/1854] (2%)
[info] i  hosting: uploading new files [47/1854] (2%)
[info] i  hosting: uploading new files [51/1854] (2%)
[debug] [2021-09-21T08:04:04.649Z] [uploadQueue] Retrying task 1bb1ef274b65e4a2261859142cb6ce5fe4e75b637082d54181982a3bb6709388
[info] i  hosting: uploading new files [54/1854] (2%)
[info] i  hosting: uploading new files [54/1854] (2%)
[debug] [2021-09-21T08:04:09.033Z] [uploadQueue] Retrying task fd4958c6d646238b7ff69555b2da94455b8333a87da08cfbb1cf48d5c9634737
[debug] [2021-09-21T08:04:09.035Z] [uploadQueue] Retrying task bd0f10613054f1c1b74f643d5ed0617bc71494ed047243a3071b7684105e0499
[debug] [2021-09-21T08:04:09.037Z] [uploadQueue] Retrying task 45f8ef367d7845c09b3ce2d686a5c782bedbf7f1729d6d3f8820588230dd5aa1
[debug] [2021-09-21T08:04:09.064Z] [uploadQueue] Retrying task 2b2c9343e34924108941f7b41ab48f165cb9a5fb4c92498e9575b5a6147a5cb5
[debug] [2021-09-21T08:04:09.210Z] [uploadQueue] Retrying task f8560e256bb17484c6c39d7fb31561e297bd9a5e9324c14481244d24354ae5e3
[debug] [2021-09-21T08:04:09.215Z] [uploadQueue] Retrying task 17fb5ecbf52510cb4e823d78273edb1259ea1c6334bd63a8e125252394f6ad17
[debug] [2021-09-21T08:04:09.219Z] [uploadQueue] Retrying task 5e03f3a5cb0a1062508efb825054b5b51b1caacc4fab2bfa7d7fec132528b11c
[debug] [2021-09-21T08:04:09.222Z] [uploadQueue] Retrying task fdef3de3bb26318cda6fc13602a66bca7ea434a144f9faf8c0ae8d0b3b7e805e
[debug] [2021-09-21T08:04:09.234Z] [uploadQueue] Retrying task bef08d0f89d86db474b6c5506690162d845ecc82948fed8dae156a857ee249cb
[debug] [2021-09-21T08:04:09.272Z] [uploadQueue] Retrying task 5fd3592d32051062cfd4c3d0876d4248c007a4321319ee4ec5b430fce2c8a882
[debug] [2021-09-21T08:04:09.299Z] [uploadQueue] Retrying task fb7902ac11b03d4d83e6b087fec26cbe651e23f617e983fc9dbcf17c7b3596f5
[debug] [2021-09-21T08:04:09.300Z] [uploadQueue] Retrying task 953c5f6feda25383f4d600d860ad7d2f6f87061be0faf23c09f7e53c2256f72c
[debug] [2021-09-21T08:04:09.302Z] [uploadQueue] Retrying task 82f0bb7720753ac8cc63bae5f356eebbaf2e15b6815bcac326ea8e31d460159a
[debug] [2021-09-21T08:04:09.330Z] [uploadQueue] Retrying task b5b2eb3a488e30d6d371aa4dd89b7c95253daf7f55fbf5d364df3b099a23da18
[debug] [2021-09-21T08:04:09.337Z] [uploadQueue] Retrying task e080b04de04ae208d60d13266544057e400051a310131dc30550a14847013fef
[debug] [2021-09-21T08:04:09.339Z] [uploadQueue] Retrying task 8426be7e6351f739ce6ffb1b6826a4ad45a9af93611f1d9736168ef4aceae3ba
[debug] [2021-09-21T08:04:09.340Z] [uploadQueue] Retrying task 04fb1458d5c6e33d6560da00e0b76226538cb9edc91a5835ef99531886fdd8ba
[debug] [2021-09-21T08:04:09.342Z] [uploadQueue] Retrying task be96a026d7781fc703b37118cff0707345473876c2842fc09ce8e7a0eb199733
[debug] [2021-09-21T08:04:09.377Z] [uploadQueue] Retrying task ad3413d7ba35b2797a7d19ea1eac9298b4d18bb17e0ece77b97ed64109d43cfb
[debug] [2021-09-21T08:04:09.383Z] [uploadQueue] Retrying task 10565dd285f2f580c000904acc17a545ee053e5cc3d72afa6afb1327f039c12e
[debug] [2021-09-21T08:04:09.387Z] [uploadQueue] Retrying task bff55138c864c246a9fdffea6f6491628785d2b20eb05696e2726f1c65bc90df
[debug] [2021-09-21T08:04:09.391Z] [uploadQueue] Retrying task bec3213c0cd32c2b381a0ce5b1c1ec0a5dfe670b5ec99c06195ce4279dfce02d
[debug] [2021-09-21T08:04:09.395Z] [uploadQueue] Retrying task 6a1df71d07501d0c42fe553c71e56092cbeb7ee37295d77ff70ac001852a63a7
[debug] [2021-09-21T08:04:09.533Z] [uploadQueue] Retrying task fa18df0196aca83fadf0410318ee7ecd86052b859586a76888afb8166f58091d
[debug] [2021-09-21T08:04:09.563Z] [uploadQueue] Retrying task 1dde6bc3cccb2006013f8294f8743ecb416db2882f082d35e28147d7ebc4cdd2
[debug] [2021-09-21T08:04:09.595Z] [uploadQueue] Retrying task 2007558fcc8bf74128140fe9e3ebb637d76bd5603a9b5e2c4ea5252d07450e47
[debug] [2021-09-21T08:04:09.599Z] [uploadQueue] Retrying task 7ddca2a716adc91a3c37b31894c24aab9533f61bd27716b35963eae153c73f7d
[debug] [2021-09-21T08:04:09.602Z] [uploadQueue] Retrying task d3e6825fbdcd2ff4ba33358e3b67564c1cf95436b6f312455fefeb88cd5f9a1b
[debug] [2021-09-21T08:04:09.627Z] [uploadQueue] Retrying task 6c5b049f447c886e1312647339a090d6e62821588b5ba0db58d849b44cbaab50
[debug] [2021-09-21T08:04:09.633Z] [uploadQueue] Retrying task 9abaf4a9c1058d0beae5fd9de6e79318269d20ff0552c3151e8c64c7681d6fdc
[debug] [2021-09-21T08:04:09.634Z] [uploadQueue] Retrying task 1d8c65daa99ed887d1f721b32905b888778f7810ce371ca2c210c67baed0c8ad
[debug] [2021-09-21T08:04:09.639Z] [uploadQueue] Retrying task f7f737fbaf7ebe291612e3899e68fb6078ff5d085342fdc8f7ef163fb6ed1225
[debug] [2021-09-21T08:04:09.643Z] [uploadQueue] Retrying task 253e4b34b9a2ecaa97c4e8d13a9dcbce29556e97220e5f784c07fdb12bd03537
[debug] [2021-09-21T08:04:09.646Z] [uploadQueue] Retrying task 0ae4db05d0d602e3a336137fe1c328bc06eb2fa721112ce414c65497d7dc9852
[debug] [2021-09-21T08:04:09.647Z] [uploadQueue] Retrying task a5c215befde2a0ac381450e74566cef5133ebf93855a6aa89a93a6bc577da633
[debug] [2021-09-21T08:04:09.650Z] [uploadQueue] Retrying task 7689ae7fb74f77875122fbc3b06cd9e3df46ce310e8161e4c0059370003b009b
[debug] [2021-09-21T08:04:09.653Z] [uploadQueue] Retrying task 5afd57c30a92cfed85076feae0a02cf7d16898c5114abb760ba20a7c586c5c27
[debug] [2021-09-21T08:04:09.654Z] [uploadQueue] Retrying task 0f9a1f099aa998163a329b196ab8ea4b6384156ceeb05bf8dabe5ae226d996b0
[debug] [2021-09-21T08:04:09.657Z] [uploadQueue] Retrying task 8e77da4c27fbe840300c5d8d86d903b0e721d37c151ff9c339ed4c3b238cfaf3
[debug] [2021-09-21T08:04:09.678Z] [uploadQueue] Retrying task bca6c74b4727e93dfe580bf595207332778c104d854a0c98049b1ab6b08e69f0
[debug] [2021-09-21T08:04:09.721Z] [uploadQueue] Retrying task 3e0f171921010a2c13ef22cb938cf24f2bf5b413c84000163a68941f26c76ee6
[debug] [2021-09-21T08:04:09.847Z] [uploadQueue] Retrying task f9a5f7f396f3f1664f8ac1e5144d7b8fd79b3205dc2c840d7c6fd63a300e769c
[debug] [2021-09-21T08:04:09.852Z] [uploadQueue] Retrying task e304ce3f937d581ded25de56138f32b5d9c207e78cb2354fa753baa6dae248e6
[debug] [2021-09-21T08:04:09.872Z] [uploadQueue] Retrying task cf701a56813f835b4a3cd172336626d22241c56db86f3a9e6d3177109c6fce41
[debug] [2021-09-21T08:04:09.942Z] [uploadQueue] Retrying task a4c28cebf3214a22cc7450e483bb50e2ac48993e8e54937c40707aaab1e2a9b3
[debug] [2021-09-21T08:04:09.944Z] [uploadQueue] Retrying task 30ba37c74a571e365be14df29389f7f102624ed89a634653aea0d1c24671549b
[debug] [2021-09-21T08:04:09.946Z] [uploadQueue] Retrying task 705aadd19bf500d3b3f393e485594697ac6b713b2f98cbea27b0f80b490b0ef5
[debug] [2021-09-21T08:04:09.947Z] [uploadQueue] Retrying task 34ac55d7a3c19d4527350ce796283524ee06254172846c326ebc6500d01bb950
[debug] [2021-09-21T08:04:09.988Z] [uploadQueue] Retrying task 9ca36bb09a8a95f130a71c01576ccc61796318ce34d26003eafdca6d1aa5a51e
[debug] [2021-09-21T08:04:09.990Z] [uploadQueue] Retrying task d8ec031e98a998e21e2edfa2ebe0263faadbe9eba6e01817578a9beefaea5949
[debug] [2021-09-21T08:04:10.019Z] [uploadQueue] Retrying task 935e118d519fbb5f33c9da68c0cb74e2ad8b3979401aa3aade425555f5556004
[debug] [2021-09-21T08:04:10.020Z] [uploadQueue] Retrying task 737462c96a76588f867bff76bd98a5aec96c389467523e036860ce99cf16d0a9
[debug] [2021-09-21T08:04:10.299Z] [uploadQueue] Retrying task 48b7465ceb551f835847c963bb267e8ecc875add4bbffe49f69bf198e9f477f7
[debug] [2021-09-21T08:04:10.408Z] [uploadQueue] Retrying task 689da55c3041ac011ace6760cdd746490ee32db96bd7203f24a190b149fd8d70
[debug] [2021-09-21T08:04:10.413Z] [uploadQueue] Retrying task 69252a3ff3f76e6d1a38f5c9bce0bc4194510e98c0f8a58f0284a3ca2f84b7f5
[debug] [2021-09-21T08:04:10.438Z] [uploadQueue] Retrying task 9ba3f08488ac3504ef7e8ce266482bfc815af38ed77d567e785f014b99adb1b6
[debug] [2021-09-21T08:04:10.530Z] [uploadQueue] Retrying task 330a92b9219d587b4c587aae3a0a576fea992b7962753e3ce4167aa3c83d8958
[debug] [2021-09-21T08:04:10.541Z] [uploadQueue] Retrying task 38fd72269fb685a7ea9f93a5fdb3659f9cb5267a00fc8609c347879b111b1dc8
[debug] [2021-09-21T08:04:10.543Z] [uploadQueue] Retrying task 0e0d7e0de983bd6120a9391344221fe1ad77870959104451933f36d0011d1999
[info] i  hosting: uploading new files [59/1854] (3%)
[debug] [2021-09-21T08:04:10.611Z] [uploadQueue] Retrying task 12b04b24269f7a128dc1253e8adc307f48396b11a41e56e90b350cd10a18244d
[debug] [2021-09-21T08:04:10.615Z] [uploadQueue] Retrying task 2d73123f5e415eeef74f6a4de667db2dfd19795c23ed8cbc9e261e8188013860
[info] i  hosting: uploading new files [62/1854] (3%)
[info] i  hosting: uploading new files [63/1854] (3%)
[debug] [2021-09-21T08:04:14.938Z] [uploadQueue] Retrying task cabdc815e89268e34fc76bb23663056ec4c7967c7412854e70a6a360c6f27267
[info] i  hosting: uploading new files [67/1854] (3%)
[debug] [2021-09-21T08:04:16.911Z] [uploadQueue] Retrying task 2138ad1e363a2114a4812072a0c619bff1c44ce9436abcb318a7d5719951b66c
[debug] [2021-09-21T08:04:16.912Z] [uploadQueue] Retrying task aee410519b31b880c490ed179aa0574b04055bcb6aeef01e6c5e4ff9dc5459d3
[debug] [2021-09-21T08:04:18.349Z] [uploadQueue] Retrying task 3eeb42a27035b17708b9f1d29e3cfcc93f5a71f13c65eab01a1687991e7d5a49
[debug] [2021-09-21T08:04:18.351Z] [uploadQueue] Retrying task 763f53780a49538fc95d14003c14bb1bcb1b5680ade4c2717e3c5f42a351208b
[info] i  hosting: uploading new files [68/1854] (3%)
[info] i  hosting: uploading new files [69/1854] (3%)
[debug] [2021-09-21T08:04:21.877Z] [uploadQueue] Retrying task 28aece9bc8283729df0793bd4765b58d1a0110800da30973cd829b296894f544
[debug] [2021-09-21T08:04:22.336Z] [uploadQueue] Retrying task fd4958c6d646238b7ff69555b2da94455b8333a87da08cfbb1cf48d5c9634737
[info] i  hosting: uploading new files [71/1854] (3%)
[debug] [2021-09-21T08:04:23.059Z] [uploadQueue] Retrying task bec3213c0cd32c2b381a0ce5b1c1ec0a5dfe670b5ec99c06195ce4279dfce02d
[debug] [2021-09-21T08:04:23.077Z] [uploadQueue] Retrying task 10565dd285f2f580c000904acc17a545ee053e5cc3d72afa6afb1327f039c12e
[debug] [2021-09-21T08:04:23.368Z] [uploadQueue] Retrying task 9ca36bb09a8a95f130a71c01576ccc61796318ce34d26003eafdca6d1aa5a51e
[debug] [2021-09-21T08:04:23.373Z] [uploadQueue] Retrying task d8ec031e98a998e21e2edfa2ebe0263faadbe9eba6e01817578a9beefaea5949
[debug] [2021-09-21T08:04:23.695Z] [uploadQueue] Retrying task 48b7465ceb551f835847c963bb267e8ecc875add4bbffe49f69bf198e9f477f7
[debug] [2021-09-21T08:04:23.947Z] [uploadQueue] Retrying task 0f9a1f099aa998163a329b196ab8ea4b6384156ceeb05bf8dabe5ae226d996b0
[debug] [2021-09-21T08:04:23.949Z] [uploadQueue] Retrying task 0ae4db05d0d602e3a336137fe1c328bc06eb2fa721112ce414c65497d7dc9852
[debug] [2021-09-21T08:04:23.950Z] [uploadQueue] Retrying task 7689ae7fb74f77875122fbc3b06cd9e3df46ce310e8161e4c0059370003b009b
[debug] [2021-09-21T08:04:23.962Z] [uploadQueue] Retrying task a5c215befde2a0ac381450e74566cef5133ebf93855a6aa89a93a6bc577da633
[debug] [2021-09-21T08:04:23.978Z] [uploadQueue] Retrying task 8e77da4c27fbe840300c5d8d86d903b0e721d37c151ff9c339ed4c3b238cfaf3
[debug] [2021-09-21T08:04:23.981Z] [uploadQueue] Retrying task 5afd57c30a92cfed85076feae0a02cf7d16898c5114abb760ba20a7c586c5c27
[debug] [2021-09-21T08:04:24.289Z] [uploadQueue] Retrying task 39bed0a3aec006f2f5f3b4dffd93541f8339012d4718544f6ebdaef6fff1bf41
[debug] [2021-09-21T08:04:24.415Z] [uploadQueue] Retrying task d0cb41b087cc6ee6bcc32549de75edd7c86e2ff799fd788b822a6929237196a3
[debug] [2021-09-21T08:04:24.572Z] [uploadQueue] Retrying task 25abdc122a54dee0d2388afeb906748672935a4282c27a50dcfd3a2913cd75a3
[info] i  hosting: uploading new files [73/1854] (3%)
[debug] [2021-09-21T08:04:25.540Z] [uploadQueue] Retrying task 3cbb6389106d5f3dbdf41f94f136dd3a444c4d90bd75981a4c5a5ed7ca7184d3
[debug] [2021-09-21T08:04:25.571Z] [uploadQueue] Retrying task a2f9104f10ca5b6d2f8c2300244b5e8dd8b65cc36bd7282be8db0d5ff22d3554
[debug] [2021-09-21T08:04:25.664Z] [uploadQueue] Retrying task bafb1155f6bb4cb51380b93e935a62a04c37137288a79225c45c97fcc28b4aed
[debug] [2021-09-21T08:04:25.696Z] [uploadQueue] Retrying task 62f4f5765ce7a9880060214a8fc86f815273fca790903413c6520c7a2761f4e5
[debug] [2021-09-21T08:04:25.775Z] [uploadQueue] Retrying task 0265c4e0ca2dec8f99d0f3c289d50ee548bcef45db06aa885663931a93035e74
[debug] [2021-09-21T08:04:25.821Z] [uploadQueue] Retrying task d3ebb2ef048af27a1717377f7acab6f86376c2129ff130b31e140226c96644ae
[debug] [2021-09-21T08:04:25.824Z] [uploadQueue] Retrying task dab586f883d621c4188d76b4373f05489e833790055f83679fb00bf89fbf43e1
[debug] [2021-09-21T08:04:25.918Z] [uploadQueue] Retrying task 7e7220394af2aab266805830aa7113c54bc314a439bc77fe2e35364842dcbed6
[debug] [2021-09-21T08:04:25.926Z] [uploadQueue] Retrying task c4b45865c4dabd5e98725a3e9ce1ad547f3aa6c30df1ee36c53b733b04c0328f
[debug] [2021-09-21T08:04:25.943Z] [uploadQueue] Retrying task 2a44873220fdc2de4d1c985f9c58be62c0ea6661a5c2291bf562dccc59098f1a
[debug] [2021-09-21T08:04:25.979Z] [uploadQueue] Retrying task 4af3a9382a561aab882af135f72aa820aa40d9ea939ed0a5e7d13b89bda28a3b
[debug] [2021-09-21T08:04:26.007Z] [uploadQueue] Retrying task 384213188f977ed1edbe135efb1f67ae39c0b8945eade5c37084570d08c51525
[debug] [2021-09-21T08:04:26.059Z] [uploadQueue] Retrying task cd1dd064cbb7d50c479bc2e2fbee34562916658f35e45def93fe67250f66f04b
[debug] [2021-09-21T08:04:26.107Z] [uploadQueue] Retrying task 28cdf83a9460e8efb2fae9cf4cc86a500a671fff9ac817be5ef4900dc74d74dc
[debug] [2021-09-21T08:04:26.325Z] [uploadQueue] Retrying task 179615348ae41bb146b935a340f935f369b4127462143a570780018e55beff14
[debug] [2021-09-21T08:04:26.329Z] [uploadQueue] Retrying task 3de602b0ee33fb86293e64ec29c460259ba1392a10990970088265355ab6cb57
[debug] [2021-09-21T08:04:26.332Z] [uploadQueue] Retrying task c15fb99ae4a5051a9076616925b381b24a2b873d8dfab3db4e6aed797cca3f34
[debug] [2021-09-21T08:04:26.336Z] [uploadQueue] Retrying task a2439ee1e1c3b6e888ccce232a01f89750d5f21b9d0bcca7c3c5ba7b22a14811
[debug] [2021-09-21T08:04:26.343Z] [uploadQueue] Retrying task 46e53ac9ac051933728f73b8e0602ca2f9d16efabcc0d3f1804aebbc612f252a
[debug] [2021-09-21T08:04:26.344Z] [uploadQueue] Retrying task 44948d7119930542df963be85abdef63135e6ba6b5529fbc59e541bdd42f1371
[debug] [2021-09-21T08:04:26.386Z] [uploadQueue] Retrying task 95ed57e7253a80818751eb33e6b29ee0e2d1c0f53fcd5e3d86faabfdb25c95a0
[debug] [2021-09-21T08:04:26.388Z] [uploadQueue] Retrying task 9d4e65a3d6cbaea6272af7d5915efbd573fd8654ec737ed86a3c7092f4147b1e
[debug] [2021-09-21T08:04:26.513Z] [uploadQueue] Retrying task 2f7024db512f895b8ab14d885a48c433777138f2fc0b07c831c5533c10f18bdd
[debug] [2021-09-21T08:04:26.514Z] [uploadQueue] Retrying task 4890fe2aa26c79b647291d79e00fb785ec477f0f7a58942699c6656658dff264
[debug] [2021-09-21T08:04:26.555Z] [uploadQueue] Retrying task cdaf96951cf89a08bbf75bdd727257a4facbc26ea9e1c880369f56338db82ab0
[info] i  hosting: uploading new files [74/1854] (3%)
[debug] [2021-09-21T08:04:26.749Z] [uploadQueue] Retrying task 9a541a0dee57dd9b31afaa05d2701a494b85581774f249940bf4f0a2d8e717d4
[debug] [2021-09-21T08:04:26.751Z] [uploadQueue] Retrying task 3ae98afa62b1bb32d1fc76ddf07167c46a15d822c2b2763301b0917912b44087
[debug] [2021-09-21T08:04:26.753Z] [uploadQueue] Retrying task 98d8ebb75bf2ed6c8e6740949ceaebb9962d283ffd12f203047da7e4180a1400
[debug] [2021-09-21T08:04:26.755Z] [uploadQueue] Retrying task 9f87906a1de9a1855ee3dcfc42e78a44acf9495bd1aebc314263fd7e6c3b1835
[debug] [2021-09-21T08:04:26.797Z] [uploadQueue] Retrying task 703f2509d6980a711e9333f6bc85814496a9e0c9a7b6c7d6591fa91ade80db22
[debug] [2021-09-21T08:04:26.921Z] [uploadQueue] Retrying task a355ff957675a8f2b413b7ce68a4ff1f4b3de0aff62f6aee5bc4d5d6e8fdd1b0
[debug] [2021-09-21T08:04:26.941Z] [uploadQueue] Retrying task 793360eb2a2aff804fe5fdbb744507f87938a0e60975fd95c1dd3fb652c66dbc
[debug] [2021-09-21T08:04:26.943Z] [uploadQueue] Retrying task c9b825010bf06bae2ecaa9254ae87dcad457033ec581b60ee4b765a0654415c7
[debug] [2021-09-21T08:04:26.982Z] [uploadQueue] Retrying task 4b218755d8ec55c087c61993c38899458f6b21cd2fc53a5023f4381bac7ee059
[debug] [2021-09-21T08:04:26.984Z] [uploadQueue] Retrying task b9f46652d2601c33dbae665b2c053210daed0d6e7d446c10ebd728c2bdc94709
[debug] [2021-09-21T08:04:27.341Z] [uploadQueue] Retrying task afce2c1da4210b0b4fb98cfb9e5ef89b399aa5623f1412a7d476ab04fa334a9b
[debug] [2021-09-21T08:04:27.929Z] [uploadQueue] Retrying task ea5756e6135d82584cabb3fa78bb8d889b3bfc4c600671b31f93d5c760ec5698
[debug] [2021-09-21T08:04:28.324Z] [uploadQueue] Retrying task 253e4b34b9a2ecaa97c4e8d13a9dcbce29556e97220e5f784c07fdb12bd03537
[info] i  hosting: uploading new files [79/1854] (4%)
[debug] [2021-09-21T08:04:29.643Z] [uploadQueue] Retrying task 270f78f3b1a53355060d8ad8e2f4895a47d9dc0b2a51d77de99a090908a1a266
[debug] [2021-09-21T08:04:29.816Z] [uploadQueue] Retrying task 6723db898375dd99a4c2d7fc3ebdca1fcc6efba7ee164180df33b59946fd0aeb
[info] i  hosting: uploading new files [92/1854] (4%)
[debug] [2021-09-21T08:04:30.689Z] [uploadQueue] Retrying task 3eeb42a27035b17708b9f1d29e3cfcc93f5a71f13c65eab01a1687991e7d5a49
[debug] [2021-09-21T08:04:30.831Z] [uploadQueue] Retrying task 38fd72269fb685a7ea9f93a5fdb3659f9cb5267a00fc8609c347879b111b1dc8
[debug] [2021-09-21T08:04:30.846Z] [uploadQueue] Retrying task 71b6a8ab39e80c251f4fa6e3dcd3cc135608cbd9801270b025f43fa7fa13fd1c
[debug] [2021-09-21T08:04:30.893Z] [uploadQueue] Retrying task 465efe3dd90dd591e1134dddf0177eec1e0ede7475391b37558a547660aa8075
[debug] [2021-09-21T08:04:31.176Z] [uploadQueue] Retrying task b1a67abe4a7d3affe7d828a1f86898aae45b3406f7ecd15779dec5585fb95783
[debug] [2021-09-21T08:04:31.988Z] [uploadQueue] Retrying task 4cd1ec2cba496665deab79e6f45dee62710a35ff0e8c3d3803752b6d76d41795
[debug] [2021-09-21T08:04:32.283Z] [uploadQueue] Retrying task 960d466fb07412d245c88236b6155fb74cd762246fa2b7085e0f860f158c13a1
[debug] [2021-09-21T08:04:32.580Z] [uploadQueue] Retrying task e88283342a0558e2392335dde16faac8199dc95e969f2a678d4ce7dad48d1ffd
[info] i  hosting: uploading new files [97/1854] (5%)
[debug] [2021-09-21T08:04:32.785Z] [uploadQueue] Retrying task b2d21cdf6d71429889144160cac3d00274104295d07b11069a728a6a61b49f5c
[debug] [2021-09-21T08:04:32.801Z] [uploadQueue] Retrying task ee1fdf74832cc8b42bbeafeaa42dfeaef9c9b6904a8d16d41398ebb2eedaa314
[debug] [2021-09-21T08:04:32.803Z] [uploadQueue] Retrying task 6ec54756d6c8b171e10481f4afb83f74f70b8c66c8ee4a5c25d975f6f95c37c5
[debug] [2021-09-21T08:04:32.848Z] [uploadQueue] Retrying task 2717e792ff26c05bc0a0bd63c411250463a00345f70be1d4c33f5618450d0d29
[debug] [2021-09-21T08:04:32.852Z] [uploadQueue] Retrying task c4080927745fb00cbac16d189542f04cec841b4a00692f7530eb990133884a7b
[debug] [2021-09-21T08:04:33.050Z] [uploadQueue] Retrying task c12b558a71ca83a4a663d2a1df74d075a2a256f676c5f8d3c87f960eae561719
[debug] [2021-09-21T08:04:33.097Z] [uploadQueue] Retrying task 29778f8f08514b2f778666cad534d881ada189be8be98e4a3dc42e99e5aae1ee
[debug] [2021-09-21T08:04:33.143Z] [uploadQueue] Retrying task d06c3b9cf60d5dbbbdb1e37e91f3d8ca950ed7e423e7b59c06a0a04e7c51993f
[debug] [2021-09-21T08:04:33.329Z] [uploadQueue] Retrying task 5de59d181f2437ed2cd3b29ad73ba0f0ecf20785482caf056c2077382d4aabaf
[debug] [2021-09-21T08:04:33.334Z] [uploadQueue] Retrying task ecbef83b57f53693616caac47b554b84bfc334cf25341cf2efa32703e550efbd
[debug] [2021-09-21T08:04:33.562Z] [uploadQueue] Retrying task a7e87ddb4b0578a054eb57520229f7ed6b0d2ddde73cfc38447116ca1a04086f
[debug] [2021-09-21T08:04:34.322Z] [hosting][upload]
[debug] [2021-09-21T08:04:34.386Z] [hosting][upload]
[debug] [2021-09-21T08:04:34.528Z] [hosting][upload]
[info] i  hosting: uploading new files [102/1854] (5%)
[debug] [2021-09-21T08:04:34.728Z] [uploadQueue] Retrying task ea5150c096acdbfa99b4d6edac744e907de8d88d674026a108fea4eb505fa051
[debug] [2021-09-21T08:04:34.791Z] [uploadQueue] Retrying task e3c8914013cb0bd069c4d3a68cdc763dd026ace062ff84da4f6bb0168bbfc6b3
[info] i  hosting: uploading new files [103/1854] (5%)
[debug] [2021-09-21T08:04:37.795Z] [uploadQueue] Retrying task 0265c4e0ca2dec8f99d0f3c289d50ee548bcef45db06aa885663931a93035e74
[debug] [2021-09-21T08:04:38.088Z] [uploadQueue] Retrying task d3ebb2ef048af27a1717377f7acab6f86376c2129ff130b31e140226c96644ae
[debug] [2021-09-21T08:04:38.120Z] [uploadQueue] Retrying task 7051a4f32f888581e721a024f2744c91442a58ff1f5ce09904bd3b9020323f02
[debug] [2021-09-21T08:04:38.125Z] [uploadQueue] Retrying task 1162c6ac8e6b6d2ccea4b94fc978c82ef00fc991c9b496aba47d1f7d0e5377c8
[debug] [2021-09-21T08:04:38.338Z] [uploadQueue] Retrying task 700d938b6e5a0440a4077de25bc5f08a10c8f3a325ef7d1e9e8ed5217a366972
[info] i  hosting: uploading new files [106/1854] (5%)
[debug] [2021-09-21T08:04:38.696Z] [uploadQueue] Retrying task 9d4e65a3d6cbaea6272af7d5915efbd573fd8654ec737ed86a3c7092f4147b1e
[debug] [2021-09-21T08:04:38.760Z] [uploadQueue] Retrying task 95ed57e7253a80818751eb33e6b29ee0e2d1c0f53fcd5e3d86faabfdb25c95a0
[debug] [2021-09-21T08:04:38.804Z] [uploadQueue] Retrying task 3c9f4e009ea32d8dfc780b3398d1f8a9e17ff9be0e01d91eaddcc9ca14173023
[debug] [2021-09-21T08:04:39.068Z] [uploadQueue] Retrying task 2f7024db512f895b8ab14d885a48c433777138f2fc0b07c831c5533c10f18bdd
[debug] [2021-09-21T08:04:39.241Z] [uploadQueue] Retrying task 9bc9cddf5d1ab9e7b88b03e95266e77e701573047f5ab8f8d20acd64732bf60b
[debug] [2021-09-21T08:04:39.367Z] [uploadQueue] Retrying task cd70a65f597ac88e5fc47e4b55df26c6db5577e924802925385086c40c83808a
[debug] [2021-09-21T08:04:39.372Z] [uploadQueue] Retrying task b0251ad83a0c28c66b1b61dcead14b1ec6d3f8582f4f491c8372285064e4e0eb
[debug] [2021-09-21T08:04:39.441Z] [uploadQueue] Retrying task cdaf96951cf89a08bbf75bdd727257a4facbc26ea9e1c880369f56338db82ab0
[debug] [2021-09-21T08:04:39.519Z] [uploadQueue] Retrying task f0524f74868892deb9f6337ab46680751320920e426f9e243dea0a4c44fe6f0b
[debug] [2021-09-21T08:04:39.585Z] [uploadQueue] Retrying task 4655ab97579fb204b24f9096f57719fd74a27ca202cc95ce77d7c5b3ee0ff130
[debug] [2021-09-21T08:04:39.663Z] [uploadQueue] Retrying task 56202d65ec0ed28a3c1770dea427dff76e3684e3a76dcf92bdb7b67002d10214
[debug] [2021-09-21T08:04:39.665Z] [uploadQueue] Retrying task 563a37b60c6f364bb8c6592d7a9ed877ae0604f09ed704d00228c33af72b0898
[debug] [2021-09-21T08:04:39.939Z] [uploadQueue] Retrying task c670ba2b67cb5860bdee6ff7cf48cc8f74089f3121c636f7457f3a08048be521
[debug] [2021-09-21T08:04:39.941Z] [uploadQueue] Retrying task ab71f258aafcc3badbdb0fa5f37ca29734f5d877498587de37460af89e64969f
[debug] [2021-09-21T08:04:39.945Z] [uploadQueue] Retrying task 1bb1ef274b65e4a2261859142cb6ce5fe4e75b637082d54181982a3bb6709388
[debug] [2021-09-21T08:04:40.112Z] [uploadQueue] Retrying task 9a541a0dee57dd9b31afaa05d2701a494b85581774f249940bf4f0a2d8e717d4
[debug] [2021-09-21T08:04:40.473Z] [uploadQueue] Retrying task c4aff06ed158ff8dc57e41bf376eea94ef34aa3d6c93ab2d740069f2f04ae3f8
[debug] [2021-09-21T08:04:40.550Z] [uploadQueue] Retrying task 9f8749b924f88d446f1bef9cedbe880643fb1c798f96a5c3dcd98e750df8be45
[debug] [2021-09-21T08:04:40.613Z] [uploadQueue] Retrying task a029e554d1d31d2306bb0e6b44956dc9b8fdf5c6a4cb794a2d061c855a0a1e76
[info] i  hosting: uploading new files [108/1854] (5%)
[debug] [2021-09-21T08:04:40.897Z] [uploadQueue] Retrying task b9f46652d2601c33dbae665b2c053210daed0d6e7d446c10ebd728c2bdc94709
[debug] [2021-09-21T08:04:40.959Z] [uploadQueue] Retrying task 4b218755d8ec55c087c61993c38899458f6b21cd2fc53a5023f4381bac7ee059
[debug] [2021-09-21T08:04:41.117Z] [uploadQueue] Retrying task 4173d36db87b48fba9973e8e3f47e6178cc20a8bec2f561c158a153abe5d8b6d
[debug] [2021-09-21T08:04:41.208Z] [uploadQueue] Retrying task 9ae67e061eced082593cbe0547f01931fc4903c9776eca1ec338ed27bc3426f8
[debug] [2021-09-21T08:04:41.334Z] [uploadQueue] Retrying task d14a416c197410b2889760b85aa0d60eabcb7e4178dda14339d4e36dba2ec4ea
[debug] [2021-09-21T08:04:41.662Z] [uploadQueue] Retrying task d044068ce0d5bc1f8811f9f3c1cabfa18b68995fc84096e18ef65705ba30769c
[debug] [2021-09-21T08:04:41.836Z] [uploadQueue] Retrying task 7755e201b7d45d9b281b9eaa208c2cb29335e8b82bba8ceb2424e455332abf4b
[debug] [2021-09-21T08:04:42.191Z] [uploadQueue] Retrying task afce2c1da4210b0b4fb98cfb9e5ef89b399aa5623f1412a7d476ab04fa334a9b
[debug] [2021-09-21T08:04:42.194Z] [uploadQueue] Retrying task 46e53ac9ac051933728f73b8e0602ca2f9d16efabcc0d3f1804aebbc612f252a
[info] i  hosting: uploading new files [109/1854] (5%)
[debug] [2021-09-21T08:04:43.104Z] [uploadQueue] Retrying task 6c94ebf346be4d715f1271786be84521e1c9f8da6b84ae030977ac0cf74937c2
[debug] [2021-09-21T08:04:43.262Z] [uploadQueue] Retrying task fdeef422dae6a3eaaef3416d92d9f246e22187a4a6877581f2ebbc53c5ee45bd
[debug] [2021-09-21T08:04:43.306Z] [uploadQueue] Retrying task 7689ae7fb74f77875122fbc3b06cd9e3df46ce310e8161e4c0059370003b009b
[debug] [2021-09-21T08:04:44.133Z] [uploadQueue] Retrying task 5e03f3a5cb0a1062508efb825054b5b51b1caacc4fab2bfa7d7fec132528b11c
[debug] [2021-09-21T08:04:44.227Z] [uploadQueue] Retrying task 82f0bb7720753ac8cc63bae5f356eebbaf2e15b6815bcac326ea8e31d460159a
[debug] [2021-09-21T08:04:44.258Z] [uploadQueue] Retrying task 953c5f6feda25383f4d600d860ad7d2f6f87061be0faf23c09f7e53c2256f72c
[debug] [2021-09-21T08:04:44.259Z] [uploadQueue] Retrying task fb7902ac11b03d4d83e6b087fec26cbe651e23f617e983fc9dbcf17c7b3596f5
[debug] [2021-09-21T08:04:44.564Z] [uploadQueue] Retrying task be96a026d7781fc703b37118cff0707345473876c2842fc09ce8e7a0eb199733
[debug] [2021-09-21T08:04:44.581Z] [uploadQueue] Retrying task 04fb1458d5c6e33d6560da00e0b76226538cb9edc91a5835ef99531886fdd8ba
[info] i  hosting: uploading new files [110/1854] (5%)
[debug] [2021-09-21T08:04:44.665Z] [uploadQueue] Retrying task 44723e886fe45a093f223b96b47ad508f135328685fe8ae79ec646d6873a4bde
[debug] [2021-09-21T08:04:44.671Z] [uploadQueue] Retrying task cf701a56813f835b4a3cd172336626d22241c56db86f3a9e6d3177109c6fce41
[debug] [2021-09-21T08:04:44.775Z] [uploadQueue] Retrying task 30ba37c74a571e365be14df29389f7f102624ed89a634653aea0d1c24671549b
[debug] [2021-09-21T08:04:44.785Z] [uploadQueue] Retrying task 34ac55d7a3c19d4527350ce796283524ee06254172846c326ebc6500d01bb950
[debug] [2021-09-21T08:04:44.800Z] [uploadQueue] Retrying task a4c28cebf3214a22cc7450e483bb50e2ac48993e8e54937c40707aaab1e2a9b3
[debug] [2021-09-21T08:04:44.869Z] [uploadQueue] Retrying task bcf3425803d34ef97f89e96f2f98a85a303b85efe16be1e4d0e1284b5cb46fc4
[debug] [2021-09-21T08:04:44.901Z] [uploadQueue] Retrying task 224e794bb3798e4e012e99582bdbd2f2d3d91de524fb5e619819712f65fd324f
[debug] [2021-09-21T08:04:44.947Z] [uploadQueue] Retrying task 2b2c9343e34924108941f7b41ab48f165cb9a5fb4c92498e9575b5a6147a5cb5
[debug] [2021-09-21T08:04:45.010Z] [uploadQueue] Retrying task da1810f0f1848b5cf0dd68e9265149c4967fe46c749b9c3378028d7949d36130
[debug] [2021-09-21T08:04:45.154Z] [uploadQueue] Retrying task 17fb5ecbf52510cb4e823d78273edb1259ea1c6334bd63a8e125252394f6ad17
[debug] [2021-09-21T08:04:45.157Z] [uploadQueue] Retrying task 5fd3592d32051062cfd4c3d0876d4248c007a4321319ee4ec5b430fce2c8a882
[debug] [2021-09-21T08:04:45.295Z] [uploadQueue] Retrying task 1b0e72ded5bc9dbc939a993f92e3547afc7c15faf9e5b7b54f8bfd5fc2626416
[debug] [2021-09-21T08:04:45.379Z] [uploadQueue] Retrying task 7ddca2a716adc91a3c37b31894c24aab9533f61bd27716b35963eae153c73f7d
[debug] [2021-09-21T08:04:45.381Z] [uploadQueue] Retrying task 1d8c65daa99ed887d1f721b32905b888778f7810ce371ca2c210c67baed0c8ad
[debug] [2021-09-21T08:04:45.422Z] [uploadQueue] Retrying task ea5756e6135d82584cabb3fa78bb8d889b3bfc4c600671b31f93d5c760ec5698
[debug] [2021-09-21T08:04:45.655Z] [uploadQueue] Retrying task 3e0f171921010a2c13ef22cb938cf24f2bf5b413c84000163a68941f26c76ee6
[debug] [2021-09-21T08:04:45.659Z] [uploadQueue] Retrying task bff55138c864c246a9fdffea6f6491628785d2b20eb05696e2726f1c65bc90df
[debug] [2021-09-21T08:04:45.717Z] [uploadQueue] Retrying task ad3413d7ba35b2797a7d19ea1eac9298b4d18bb17e0ece77b97ed64109d43cfb
[debug] [2021-09-21T08:04:45.720Z] [uploadQueue] Retrying task 6a1df71d07501d0c42fe553c71e56092cbeb7ee37295d77ff70ac001852a63a7
[debug] [2021-09-21T08:04:45.796Z] [uploadQueue] Retrying task a9d7863d6b9a3f5bc9d9aaeffe4afc2655f0ea88e5a1a618ff4aefb3bb00cf8f
[debug] [2021-09-21T08:04:45.842Z] [uploadQueue] Retrying task e304ce3f937d581ded25de56138f32b5d9c207e78cb2354fa753baa6dae248e6
[debug] [2021-09-21T08:04:46.282Z] [uploadQueue] Retrying task 05b959afca32cd8adcc4c9222de7a4f2121ff9e839c3a12764201f6f4856c5cd
[info] i  hosting: uploading new files [111/1854] (5%)
[debug] [2021-09-21T08:04:46.644Z] [uploadQueue] Retrying task c15fb99ae4a5051a9076616925b381b24a2b873d8dfab3db4e6aed797cca3f34
[debug] [2021-09-21T08:04:46.783Z] [uploadQueue] Retrying task 58161db3106fe6ee5d50d0a6801b77285d11add8e598d934e050708ab1cf318f
[debug] [2021-09-21T08:04:47.235Z] [uploadQueue] Retrying task ed1abdf07b598b299d743ca8e895cbdfd31a86ad41c898d7dd3e2b6e0fbf9719
[debug] [2021-09-21T08:04:47.313Z] [uploadQueue] Retrying task bef08d0f89d86db474b6c5506690162d845ecc82948fed8dae156a857ee249cb
[debug] [2021-09-21T08:04:47.826Z] [uploadQueue] Retrying task 3dbef26e673a01cc325e43d470e015ab03dd55b0ea5ae73e4b980b7b5edd8897
[debug] [2021-09-21T08:04:47.858Z] [uploadQueue] Retrying task d6807d4ca81fa7b4120b298bdc25c138c4c9be58f4defe85dad2747820dc180b
[debug] [2021-09-21T08:04:47.860Z] [uploadQueue] Retrying task e8a27b700255200443a960c624abd0376463c238aaf11d4004117206220233b9
[debug] [2021-09-21T08:04:48.233Z] [uploadQueue] Retrying task 270f78f3b1a53355060d8ad8e2f4895a47d9dc0b2a51d77de99a090908a1a266
[debug] [2021-09-21T08:04:48.513Z] [uploadQueue] Retrying task 935e118d519fbb5f33c9da68c0cb74e2ad8b3979401aa3aade425555f5556004
[info] i  hosting: uploading new files [111/1854] (5%)
[debug] [2021-09-21T08:04:48.763Z] [uploadQueue] Retrying task 3132fc0916862f9420d05ce9661fada4f866f8bf032cf8b03ec5c54c316f1ec4
[debug] [2021-09-21T08:04:48.795Z] [uploadQueue] Retrying task 7c5f917a96dfc7515c97f4ebc531485a4058ea7207b63115db6d805d06258ac5
[debug] [2021-09-21T08:04:49.033Z] [uploadQueue] Retrying task 6723db898375dd99a4c2d7fc3ebdca1fcc6efba7ee164180df33b59946fd0aeb
[debug] [2021-09-21T08:04:49.079Z] [uploadQueue] Retrying task 1dde6bc3cccb2006013f8294f8743ecb416db2882f082d35e28147d7ebc4cdd2
[debug] [2021-09-21T08:04:49.174Z] [uploadQueue] Retrying task 253e4b34b9a2ecaa97c4e8d13a9dcbce29556e97220e5f784c07fdb12bd03537
[debug] [2021-09-21T08:04:49.391Z] [uploadQueue] Retrying task 5a148224bac5112bfc56ad1dac156dae43c91684feec508fa2977147ce92aab4
[debug] [2021-09-21T08:04:49.393Z] [uploadQueue] Retrying task 3ac8778f6f426ade0852a0db1db3426bcb98fb6be0522b12f0cc5fc2badf9b00
[debug] [2021-09-21T08:04:49.406Z] [uploadQueue] Retrying task 39d87863af1440e9683dc64910607e0756a30556adfbdd88cfb2ec246ce9a231
[debug] [2021-09-21T08:04:49.774Z] [uploadQueue] Retrying task e88283342a0558e2392335dde16faac8199dc95e969f2a678d4ce7dad48d1ffd
[debug] [2021-09-21T08:04:50.108Z] [uploadQueue] Retrying task 689da55c3041ac011ace6760cdd746490ee32db96bd7203f24a190b149fd8d70
[debug] [2021-09-21T08:04:50.564Z] [uploadQueue] Retrying task 465efe3dd90dd591e1134dddf0177eec1e0ede7475391b37558a547660aa8075
[debug] [2021-09-21T08:04:50.568Z] [uploadQueue] Retrying task 71b6a8ab39e80c251f4fa6e3dcd3cc135608cbd9801270b025f43fa7fa13fd1c
[debug] [2021-09-21T08:04:50.572Z] [uploadQueue] Retrying task 1c57f76c2b1ab5922f7ff3971c562cf35de0fa2095f465262aa1b674ba857242
[debug] [2021-09-21T08:04:50.611Z] [uploadQueue] Retrying task a0685bc4e8e6b15e3b478386ef25633c3400703964ee8ffd769c5c7ed5d2c891
[info] i  hosting: uploading new files [113/1854] (6%)
[debug] [2021-09-21T08:04:50.673Z] [uploadQueue] Retrying task 5d27664bc560479b2f85edbe95edebfedacd993d5205f6405d07071a0b94b5c2
[debug] [2021-09-21T08:04:51.123Z] [uploadQueue] Retrying task bd0f10613054f1c1b74f643d5ed0617bc71494ed047243a3071b7684105e0499
[debug] [2021-09-21T08:04:51.530Z] [uploadQueue] Retrying task c133ea15f86d750f512670043281513856a05ea1923a43147de5b3f6abebe8c1
[debug] [2021-09-21T08:04:51.685Z] [uploadQueue] Retrying task e9c8dbaa0459005888e620213bbf1beeac2480949966f7c7e83153d986472ece
[debug] [2021-09-21T08:04:51.779Z] [uploadQueue] Retrying task 631579ae7f1218873a0eeed9923774389a45b8cccbc520f851bd991e96e987eb
[debug] [2021-09-21T08:04:51.781Z] [uploadQueue] Retrying task e41e776cf57dc9484d32365da7081bd3967435a27e1bd5f59b54f24b282bad3a
[debug] [2021-09-21T08:04:51.927Z] [uploadQueue] Retrying task e2bb07c909fedf6c5a56215184c0fe27fcd0956e32c76a4910c13a9dd40e81d9
[debug] [2021-09-21T08:04:52.261Z] [uploadQueue] Retrying task 330a92b9219d587b4c587aae3a0a576fea992b7962753e3ce4167aa3c83d8958
[info] i  hosting: uploading new files [113/1854] (6%)
[debug] [2021-09-21T08:04:52.669Z] [uploadQueue] Retrying task 82e26a8becce769d92ea37b3ad785ec299ec9904698303629506c9cfdbe41a0a
[debug] [2021-09-21T08:04:53.354Z] [uploadQueue] Retrying task 3eeb42a27035b17708b9f1d29e3cfcc93f5a71f13c65eab01a1687991e7d5a49
[debug] [2021-09-21T08:04:53.635Z] [uploadQueue] Retrying task cd70a65f597ac88e5fc47e4b55df26c6db5577e924802925385086c40c83808a
[debug] [2021-09-21T08:04:53.727Z] [uploadQueue] Retrying task f0524f74868892deb9f6337ab46680751320920e426f9e243dea0a4c44fe6f0b
[debug] [2021-09-21T08:04:53.823Z] [uploadQueue] Retrying task 4655ab97579fb204b24f9096f57719fd74a27ca202cc95ce77d7c5b3ee0ff130
[debug] [2021-09-21T08:04:53.869Z] [uploadQueue] Retrying task 56202d65ec0ed28a3c1770dea427dff76e3684e3a76dcf92bdb7b67002d10214
[debug] [2021-09-21T08:04:53.873Z] [uploadQueue] Retrying task 563a37b60c6f364bb8c6592d7a9ed877ae0604f09ed704d00228c33af72b0898
[debug] [2021-09-21T08:04:54.605Z] [uploadQueue] Retrying task 9ae67e061eced082593cbe0547f01931fc4903c9776eca1ec338ed27bc3426f8
[info] i  hosting: uploading new files [116/1854] (6%)
[debug] [2021-09-21T08:04:54.682Z] [uploadQueue] Retrying task 014c9e7d7005d27f4be33974707d47d2db20152992adea96f44fbf83e72aaa35
[debug] [2021-09-21T08:04:54.809Z] [uploadQueue] Retrying task 1aab2d0f3d98b3eb3cedbe13ae9ea9507b554376279bc0a6c92f1edbb9520490
[debug] [2021-09-21T08:04:55.074Z] [uploadQueue] Retrying task 38fd72269fb685a7ea9f93a5fdb3659f9cb5267a00fc8609c347879b111b1dc8
[debug] [2021-09-21T08:04:55.985Z] [uploadQueue] Retrying task ecbef83b57f53693616caac47b554b84bfc334cf25341cf2efa32703e550efbd
[debug] [2021-09-21T08:04:55.988Z] [uploadQueue] Retrying task 5de59d181f2437ed2cd3b29ad73ba0f0ecf20785482caf056c2077382d4aabaf
[debug] [2021-09-21T08:04:55.992Z] [uploadQueue] Retrying task 0c0e66e80dd6a4d92e11cd311bda1a9e9f94f73a38bda68b611981d3048c2347
[debug] [2021-09-21T08:04:56.029Z] [uploadQueue] Retrying task 6db51713658127cb6a121c1f81d5c6f1e7794e0f2bc6f3a4a6d50cfab4e1e03e
[debug] [2021-09-21T08:04:56.107Z] [uploadQueue] Retrying task 703f2509d6980a711e9333f6bc85814496a9e0c9a7b6c7d6591fa91ade80db22
[debug] [2021-09-21T08:04:56.248Z] [uploadQueue] Retrying task 9565376406b993c79b5d1b4170287b591385bd02e58bc47812b297fd8178b064
[debug] [2021-09-21T08:04:56.450Z] [uploadQueue] Retrying task 46e53ac9ac051933728f73b8e0602ca2f9d16efabcc0d3f1804aebbc612f252a
[debug] [2021-09-21T08:04:56.584Z] [uploadQueue] Retrying task ea5150c096acdbfa99b4d6edac744e907de8d88d674026a108fea4eb505fa051
[debug] [2021-09-21T08:04:56.652Z] [uploadQueue] Retrying task e3c8914013cb0bd069c4d3a68cdc763dd026ace062ff84da4f6bb0168bbfc6b3
[info] i  hosting: uploading new files [118/1854] (6%)
[debug] [2021-09-21T08:04:56.902Z] [uploadQueue] Retrying task b293d66b7f625318cc88cbee1da99f3dca9e2a6b262964327305785d96471b4d
[debug] [2021-09-21T08:04:57.183Z] [uploadQueue] Retrying task ef358f8eebec6f86fe8efc5ec804aa1ebaca416e24c5d72e3ad062c29c64c8a5
[debug] [2021-09-21T08:04:57.384Z] [uploadQueue] Retrying task 39bed0a3aec006f2f5f3b4dffd93541f8339012d4718544f6ebdaef6fff1bf41
[debug] [2021-09-21T08:04:57.415Z] [uploadQueue] Retrying task d0cb41b087cc6ee6bcc32549de75edd7c86e2ff799fd788b822a6929237196a3
[debug] [2021-09-21T08:04:57.602Z] [uploadQueue] Retrying task d14a416c197410b2889760b85aa0d60eabcb7e4178dda14339d4e36dba2ec4ea
[debug] [2021-09-21T08:04:57.618Z] [uploadQueue] Retrying task 0e0d7e0de983bd6120a9391344221fe1ad77870959104451933f36d0011d1999
[debug] [2021-09-21T08:04:58.071Z] [uploadQueue] Retrying task 3559bd83111bfbc4a988fcbd7f1029453a6be505d0a4a9a23c75a1228792ec98
[debug] [2021-09-21T08:04:58.204Z] [uploadQueue] Retrying task da1810f0f1848b5cf0dd68e9265149c4967fe46c749b9c3378028d7949d36130
[debug] [2021-09-21T08:04:58.293Z] [uploadQueue] Retrying task bafb1155f6bb4cb51380b93e935a62a04c37137288a79225c45c97fcc28b4aed
[debug] [2021-09-21T08:04:58.398Z] [uploadQueue] Retrying task aee410519b31b880c490ed179aa0574b04055bcb6aeef01e6c5e4ff9dc5459d3
[debug] [2021-09-21T08:04:58.583Z] [uploadQueue] Retrying task dab586f883d621c4188d76b4373f05489e833790055f83679fb00bf89fbf43e1
[info] i  hosting: uploading new files [118/1854] (6%)
[debug] [2021-09-21T08:04:58.816Z] [uploadQueue] Retrying task cd1dd064cbb7d50c479bc2e2fbee34562916658f35e45def93fe67250f66f04b
[debug] [2021-09-21T08:04:59.069Z] [uploadQueue] Retrying task 12b04b24269f7a128dc1253e8adc307f48396b11a41e56e90b350cd10a18244d
[debug] [2021-09-21T08:04:59.080Z] [uploadQueue] Retrying task 2d73123f5e415eeef74f6a4de667db2dfd19795c23ed8cbc9e261e8188013860
[debug] [2021-09-21T08:04:59.155Z] [uploadQueue] Retrying task bec3213c0cd32c2b381a0ce5b1c1ec0a5dfe670b5ec99c06195ce4279dfce02d
[debug] [2021-09-21T08:04:59.335Z] [uploadQueue] Retrying task 3de602b0ee33fb86293e64ec29c460259ba1392a10990970088265355ab6cb57
[debug] [2021-09-21T08:04:59.366Z] [uploadQueue] Retrying task d8ec031e98a998e21e2edfa2ebe0263faadbe9eba6e01817578a9beefaea5949
[debug] [2021-09-21T08:04:59.460Z] [uploadQueue] Retrying task 48b7465ceb551f835847c963bb267e8ecc875add4bbffe49f69bf198e9f477f7
[debug] [2021-09-21T08:04:59.462Z] [uploadQueue] Retrying task 9bc9cddf5d1ab9e7b88b03e95266e77e701573047f5ab8f8d20acd64732bf60b
[debug] [2021-09-21T08:04:59.491Z] [uploadQueue] Retrying task cf701a56813f835b4a3cd172336626d22241c56db86f3a9e6d3177109c6fce41
[debug] [2021-09-21T08:04:59.614Z] [uploadQueue] Retrying task 30ba37c74a571e365be14df29389f7f102624ed89a634653aea0d1c24671549b
[debug] [2021-09-21T08:04:59.709Z] [uploadQueue] Retrying task 5afd57c30a92cfed85076feae0a02cf7d16898c5114abb760ba20a7c586c5c27
[debug] [2021-09-21T08:04:59.894Z] [uploadQueue] Retrying task c15fb99ae4a5051a9076616925b381b24a2b873d8dfab3db4e6aed797cca3f34
[debug] [2021-09-21T08:04:59.987Z] [uploadQueue] Retrying task 17fb5ecbf52510cb4e823d78273edb1259ea1c6334bd63a8e125252394f6ad17
[debug] [2021-09-21T08:05:00.451Z] [uploadQueue] Retrying task 3e0f171921010a2c13ef22cb938cf24f2bf5b413c84000163a68941f26c76ee6
[debug] [2021-09-21T08:05:00.499Z] [uploadQueue] Retrying task bff55138c864c246a9fdffea6f6491628785d2b20eb05696e2726f1c65bc90df
[debug] [2021-09-21T08:05:00.639Z] [uploadQueue] Retrying task 6a1df71d07501d0c42fe553c71e56092cbeb7ee37295d77ff70ac001852a63a7
[info] i  hosting: uploading new files [118/1854] (6%)
[debug] [2021-09-21T08:05:01.299Z] [uploadQueue] Retrying task e8a27b700255200443a960c624abd0376463c238aaf11d4004117206220233b9
[debug] [2021-09-21T08:05:01.471Z] [uploadQueue] Retrying task 270f78f3b1a53355060d8ad8e2f4895a47d9dc0b2a51d77de99a090908a1a266
[debug] [2021-09-21T08:05:01.564Z] [uploadQueue] Retrying task 16de429c80364415266baea85e2d9069447726557b9942b10f91aa796af02cb6
[debug] [2021-09-21T08:05:01.642Z] [uploadQueue] Retrying task 98d8ebb75bf2ed6c8e6740949ceaebb9962d283ffd12f203047da7e4180a1400
[debug] [2021-09-21T08:05:01.644Z] [uploadQueue] Retrying task 3ae98afa62b1bb32d1fc76ddf07167c46a15d822c2b2763301b0917912b44087
[debug] [2021-09-21T08:05:01.645Z] [uploadQueue] Retrying task 9f87906a1de9a1855ee3dcfc42e78a44acf9495bd1aebc314263fd7e6c3b1835
[debug] [2021-09-21T08:05:01.814Z] [uploadQueue] Retrying task 28aece9bc8283729df0793bd4765b58d1a0110800da30973cd829b296894f544
[debug] [2021-09-21T08:05:02.218Z] [uploadQueue] Retrying task 3132fc0916862f9420d05ce9661fada4f866f8bf032cf8b03ec5c54c316f1ec4
[debug] [2021-09-21T08:05:02.672Z] [uploadQueue] Retrying task ed1abdf07b598b299d743ca8e895cbdfd31a86ad41c898d7dd3e2b6e0fbf9719
[info] i  hosting: uploading new files [119/1854] (6%)
[debug] [2021-09-21T08:05:02.906Z] [uploadQueue] Retrying task 2d9644afd797455e7b40a34f6c4d5ef78d86046cfd80b694071edcb9999023d3
[debug] [2021-09-21T08:05:03.188Z] [uploadQueue] Retrying task 3a9b68b4f9ad28884368e6ea47372431983800a91d4c876cf79ae0ea5592462d
[debug] [2021-09-21T08:05:03.814Z] [uploadQueue] Retrying task e5cedd2982f128004821174a9104633573a3b18c4e458818347490772feed416
[debug] [2021-09-21T08:05:04.000Z] [uploadQueue] Retrying task 1c57f76c2b1ab5922f7ff3971c562cf35de0fa2095f465262aa1b674ba857242
[debug] [2021-09-21T08:05:04.094Z] [uploadQueue] Retrying task 5d27664bc560479b2f85edbe95edebfedacd993d5205f6405d07071a0b94b5c2
[debug] [2021-09-21T08:05:04.096Z] [uploadQueue] Retrying task 9fdf0f7e304563ef99a348ffc10430e29de5cd0b4b123a50424b13e6cee47562
[debug] [2021-09-21T08:05:04.098Z] [uploadQueue] Retrying task 6b9071d06cb99297e8dd6dff5a52bf8bb56666ad7b73e10133920ebd854d62b0
[info] i  hosting: uploading new files [119/1854] (6%)
[debug] [2021-09-21T08:05:05.942Z] [uploadQueue] Retrying task fdeef422dae6a3eaaef3416d92d9f246e22187a4a6877581f2ebbc53c5ee45bd
[debug] [2021-09-21T08:05:05.988Z] [uploadQueue] Retrying task 1bb1ef274b65e4a2261859142cb6ce5fe4e75b637082d54181982a3bb6709388
[debug] [2021-09-21T08:05:06.330Z] [uploadQueue] Retrying task d3ebb2ef048af27a1717377f7acab6f86376c2129ff130b31e140226c96644ae
[info] i  hosting: uploading new files [120/1854] (6%)
[debug] [2021-09-21T08:05:08.070Z] [uploadQueue] Retrying task 330a92b9219d587b4c587aae3a0a576fea992b7962753e3ce4167aa3c83d8958
[debug] [2021-09-21T08:05:08.535Z] [uploadQueue] Retrying task f0524f74868892deb9f6337ab46680751320920e426f9e243dea0a4c44fe6f0b
[info] i  hosting: uploading new files [121/1854] (6%)
[debug] [2021-09-21T08:05:08.724Z] [uploadQueue] Retrying task 8ad3d9b3795eb6c09dc2ff4074bd59549e7ca5fd550f8acfb7292b94b6391bf7
[debug] [2021-09-21T08:05:09.174Z] [uploadQueue] Retrying task ba0d8b8980600d887ee5aa0b0f1af927cd23eff3d77125b68021fe224a49259a
[debug] [2021-09-21T08:05:09.283Z] [uploadQueue] Retrying task b293d66b7f625318cc88cbee1da99f3dca9e2a6b262964327305785d96471b4d
[debug] [2021-09-21T08:05:09.424Z] [uploadQueue] Retrying task 0c0e66e80dd6a4d92e11cd311bda1a9e9f94f73a38bda68b611981d3048c2347
[debug] [2021-09-21T08:05:09.455Z] [uploadQueue] Retrying task 6db51713658127cb6a121c1f81d5c6f1e7794e0f2bc6f3a4a6d50cfab4e1e03e
[debug] [2021-09-21T08:05:10.020Z] [uploadQueue] Retrying task 5c76e5d6b91619768434b7a1df02b596e63160f35af16add4cc75ce41096f3c0
[info] i  hosting: uploading new files [124/1854] (6%)
[debug] [2021-09-21T08:05:11.126Z] [uploadQueue] Retrying task 1bde944fa5378bb58c76176f6e57397d66cd36553907dc79210ce2cbd8845ae4
[debug] [2021-09-21T08:05:11.826Z] [uploadQueue] Retrying task 1b0e72ded5bc9dbc939a993f92e3547afc7c15faf9e5b7b54f8bfd5fc2626416
[debug] [2021-09-21T08:05:12.111Z] [uploadQueue] Retrying task ee1fdf74832cc8b42bbeafeaa42dfeaef9c9b6904a8d16d41398ebb2eedaa314
[debug] [2021-09-21T08:05:12.127Z] [uploadQueue] Retrying task 6ec54756d6c8b171e10481f4afb83f74f70b8c66c8ee4a5c25d975f6f95c37c5
[debug] [2021-09-21T08:05:12.328Z] [uploadQueue] Retrying task 2717e792ff26c05bc0a0bd63c411250463a00345f70be1d4c33f5618450d0d29
[debug] [2021-09-21T08:05:12.332Z] [uploadQueue] Retrying task c4080927745fb00cbac16d189542f04cec841b4a00692f7530eb990133884a7b
[info] i  hosting: uploading new files [126/1854] (6%)
[debug] [2021-09-21T08:05:13.327Z] [uploadQueue] Retrying task 1dde6bc3cccb2006013f8294f8743ecb416db2882f082d35e28147d7ebc4cdd2
[debug] [2021-09-21T08:05:13.420Z] [uploadQueue] Retrying task a7e87ddb4b0578a054eb57520229f7ed6b0d2ddde73cfc38447116ca1a04086f
[debug] [2021-09-21T08:05:13.482Z] [uploadQueue] Retrying task b2d21cdf6d71429889144160cac3d00274104295d07b11069a728a6a61b49f5c
[debug] [2021-09-21T08:05:13.903Z] [uploadQueue] Retrying task 7051a4f32f888581e721a024f2744c91442a58ff1f5ce09904bd3b9020323f02
[debug] [2021-09-21T08:05:13.918Z] [uploadQueue] Retrying task 1162c6ac8e6b6d2ccea4b94fc978c82ef00fc991c9b496aba47d1f7d0e5377c8
[debug] [2021-09-21T08:05:13.950Z] [uploadQueue] Retrying task ecbef83b57f53693616caac47b554b84bfc334cf25341cf2efa32703e550efbd
[debug] [2021-09-21T08:05:13.981Z] [uploadQueue] Retrying task 16de429c80364415266baea85e2d9069447726557b9942b10f91aa796af02cb6
[debug] [2021-09-21T08:05:14.020Z] [uploadQueue] Retrying task da1810f0f1848b5cf0dd68e9265149c4967fe46c749b9c3378028d7949d36130
[debug] [2021-09-21T08:05:14.116Z] [uploadQueue] Retrying task c12b558a71ca83a4a663d2a1df74d075a2a256f676c5f8d3c87f960eae561719
[debug] [2021-09-21T08:05:14.371Z] [uploadQueue] Retrying task 689da55c3041ac011ace6760cdd746490ee32db96bd7203f24a190b149fd8d70
[debug] [2021-09-21T08:05:14.669Z] [uploadQueue] Retrying task 9cb8278e3675fb6c40ad643cdb9af82342ca2fc69e33b0a32d70685d1ccc931b
[debug] [2021-09-21T08:05:14.732Z] [uploadQueue] Retrying task 67764d1b8a6126556e535dc27d420f5c03d47d08d29804ee3276218fe8a3ffac
[info] i  hosting: uploading new files [129/1854] (6%)
[debug] [2021-09-21T08:05:14.982Z] [uploadQueue] Retrying task 960d466fb07412d245c88236b6155fb74cd762246fa2b7085e0f860f158c13a1
[debug] [2021-09-21T08:05:15.403Z] [uploadQueue] Retrying task 3132fc0916862f9420d05ce9661fada4f866f8bf032cf8b03ec5c54c316f1ec4
[debug] [2021-09-21T08:05:15.450Z] [uploadQueue] Retrying task 0e0d7e0de983bd6120a9391344221fe1ad77870959104451933f36d0011d1999
[debug] [2021-09-21T08:05:15.465Z] [uploadQueue] Retrying task ee5e37a9a4a9640365b5835d0756110e6deaf3517d37321e5e5fb2004f6a099d
[debug] [2021-09-21T08:05:15.576Z] [uploadQueue] Retrying task 3a9b68b4f9ad28884368e6ea47372431983800a91d4c876cf79ae0ea5592462d
[debug] [2021-09-21T08:05:15.685Z] [uploadQueue] Retrying task 29778f8f08514b2f778666cad534d881ada189be8be98e4a3dc42e99e5aae1ee
[debug] [2021-09-21T08:05:15.934Z] [uploadQueue] Retrying task 2d73123f5e415eeef74f6a4de667db2dfd19795c23ed8cbc9e261e8188013860
[debug] [2021-09-21T08:05:16.090Z] [uploadQueue] Retrying task 28aece9bc8283729df0793bd4765b58d1a0110800da30973cd829b296894f544
[debug] [2021-09-21T08:05:16.261Z] [uploadQueue] Retrying task aee410519b31b880c490ed179aa0574b04055bcb6aeef01e6c5e4ff9dc5459d3
[debug] [2021-09-21T08:05:16.309Z] [uploadQueue] Retrying task 926358746238c0b2f21614f903a7322e727cb6192537bff826bd41eab1c179cc
[info] i  hosting: uploading new files [132/1854] (7%)
[debug] [2021-09-21T08:05:16.780Z] [uploadQueue] Retrying task 700d938b6e5a0440a4077de25bc5f08a10c8f3a325ef7d1e9e8ed5217a366972
[debug] [2021-09-21T08:05:16.982Z] [uploadQueue] Retrying task c4aff06ed158ff8dc57e41bf376eea94ef34aa3d6c93ab2d740069f2f04ae3f8
[debug] [2021-09-21T08:05:17.156Z] [uploadQueue] Retrying task 1c57f76c2b1ab5922f7ff3971c562cf35de0fa2095f465262aa1b674ba857242
[debug] [2021-09-21T08:05:17.297Z] [uploadQueue] Retrying task 5d27664bc560479b2f85edbe95edebfedacd993d5205f6405d07071a0b94b5c2
[debug] [2021-09-21T08:05:17.328Z] [uploadQueue] Retrying task 076f9753ba44c20dc65e072147ddf5848f981ae45ba22bb00fcd8420af261f63
[debug] [2021-09-21T08:05:18.359Z] [uploadQueue] Retrying task 91e22746b0e90104f57b05c35605656c45e5cc69d5582323de02c08133f014d8
[debug] [2021-09-21T08:05:18.520Z] [uploadQueue] Retrying task bff55138c864c246a9fdffea6f6491628785d2b20eb05696e2726f1c65bc90df
[info] i  hosting: uploading new files [133/1854] (7%)
[debug] [2021-09-21T08:05:18.797Z] [uploadQueue] Retrying task 224e794bb3798e4e012e99582bdbd2f2d3d91de524fb5e619819712f65fd324f
[debug] [2021-09-21T08:05:18.799Z] [uploadQueue] Retrying task af084b0cbcdb9173037fb1b30ec9860e7f72b116ae90b5dab036d50ef00d2eea
[debug] [2021-09-21T08:05:19.829Z] [uploadQueue] Retrying task ef358f8eebec6f86fe8efc5ec804aa1ebaca416e24c5d72e3ad062c29c64c8a5
[debug] [2021-09-21T08:05:20.376Z] [uploadQueue] Retrying task 772aa37096f078787b6bcd84a30f80728f45b523a7c7633197f9774eac9ba094
[debug] [2021-09-21T08:05:20.455Z] [uploadQueue] Retrying task 82f0bb7720753ac8cc63bae5f356eebbaf2e15b6815bcac326ea8e31d460159a
[info] i  hosting: uploading new files [136/1854] (7%)
[debug] [2021-09-21T08:05:20.893Z] [uploadQueue] Retrying task 04fb1458d5c6e33d6560da00e0b76226538cb9edc91a5835ef99531886fdd8ba
[debug] [2021-09-21T08:05:21.239Z] [uploadQueue] Retrying task 44692d31e0deacae3c381c7bc86daf532062d89fd6626bc5800daa6509876249
[debug] [2021-09-21T08:05:21.508Z] [uploadQueue] Retrying task 5fd3592d32051062cfd4c3d0876d4248c007a4321319ee4ec5b430fce2c8a882
[debug] [2021-09-21T08:05:21.760Z] [uploadQueue] Retrying task 3dbef26e673a01cc325e43d470e015ab03dd55b0ea5ae73e4b980b7b5edd8897
[debug] [2021-09-21T08:05:21.807Z] [uploadQueue] Retrying task be96a026d7781fc703b37118cff0707345473876c2842fc09ce8e7a0eb199733
[debug] [2021-09-21T08:05:21.853Z] [uploadQueue] Retrying task 1bb1ef274b65e4a2261859142cb6ce5fe4e75b637082d54181982a3bb6709388
[debug] [2021-09-21T08:05:22.073Z] [uploadQueue] Retrying task ad3413d7ba35b2797a7d19ea1eac9298b4d18bb17e0ece77b97ed64109d43cfb
[debug] [2021-09-21T08:05:22.669Z] [uploadQueue] Retrying task 7ddca2a716adc91a3c37b31894c24aab9533f61bd27716b35963eae153c73f7d
[debug] [2021-09-21T08:05:22.673Z] [uploadQueue] Retrying task 1d8c65daa99ed887d1f721b32905b888778f7810ce371ca2c210c67baed0c8ad
[debug] [2021-09-21T08:05:22.717Z] [uploadQueue] Retrying task ff0564bf55167bcf65683dab1f9e2ecf6f78800b9485a9fdbe5d72c44a464825
[debug] [2021-09-21T08:05:22.720Z] [uploadQueue] Retrying task 7c5f917a96dfc7515c97f4ebc531485a4058ea7207b63115db6d805d06258ac5
[info] i  hosting: uploading new files [137/1854] (7%)
[debug] [2021-09-21T08:05:22.809Z] [uploadQueue] Retrying task d6807d4ca81fa7b4120b298bdc25c138c4c9be58f4defe85dad2747820dc180b
[debug] [2021-09-21T08:05:22.950Z] [uploadQueue] Retrying task 5e03f3a5cb0a1062508efb825054b5b51b1caacc4fab2bfa7d7fec132528b11c
[debug] [2021-09-21T08:05:23.077Z] [uploadQueue] Retrying task fb7902ac11b03d4d83e6b087fec26cbe651e23f617e983fc9dbcf17c7b3596f5
[debug] [2021-09-21T08:05:23.252Z] [uploadQueue] Retrying task 4cd1ec2cba496665deab79e6f45dee62710a35ff0e8c3d3803752b6d76d41795
[debug] [2021-09-21T08:05:23.517Z] [uploadQueue] Retrying task a4c28cebf3214a22cc7450e483bb50e2ac48993e8e54937c40707aaab1e2a9b3
[debug] [2021-09-21T08:05:24.218Z] [uploadQueue] Retrying task cabdc815e89268e34fc76bb23663056ec4c7967c7412854e70a6a360c6f27267
[debug] [2021-09-21T08:05:24.289Z] [uploadQueue] Retrying task 98d8ebb75bf2ed6c8e6740949ceaebb9962d283ffd12f203047da7e4180a1400
[debug] [2021-09-21T08:05:24.291Z] [uploadQueue] Retrying task 3ae98afa62b1bb32d1fc76ddf07167c46a15d822c2b2763301b0917912b44087
[debug] [2021-09-21T08:05:24.299Z] [uploadQueue] Retrying task 2b2c9343e34924108941f7b41ab48f165cb9a5fb4c92498e9575b5a6147a5cb5
[debug] [2021-09-21T08:05:24.301Z] [uploadQueue] Retrying task be0eb93ae840431bc425127538e41d98d62c56c3931a88ba5af7edffbff9cf45
[info] i  hosting: uploading new files [139/1854] (7%)
[debug] [2021-09-21T08:05:25.069Z] [uploadQueue] Retrying task 5a148224bac5112bfc56ad1dac156dae43c91684feec508fa2977147ce92aab4
[debug] [2021-09-21T08:05:25.092Z] [uploadQueue] Retrying task 3ac8778f6f426ade0852a0db1db3426bcb98fb6be0522b12f0cc5fc2badf9b00
[debug] [2021-09-21T08:05:25.249Z] [uploadQueue] Retrying task 5563827faf561bfde185e5be6002128943c76977249d567e4d77c8b5ead155cb
[debug] [2021-09-21T08:05:25.310Z] [uploadQueue] Retrying task 6723db898375dd99a4c2d7fc3ebdca1fcc6efba7ee164180df33b59946fd0aeb
[debug] [2021-09-21T08:05:25.501Z] [uploadQueue] Retrying task e88283342a0558e2392335dde16faac8199dc95e969f2a678d4ce7dad48d1ffd
[debug] [2021-09-21T08:05:25.822Z] [uploadQueue] Retrying task 841cc83166c44b57fa26342397bb39fe6bd5cbc181a166c93a370deaf8f5bfc5
[debug] [2021-09-21T08:05:25.836Z] [uploadQueue] Retrying task 175e61c6208fd90f522255881280ad67f71b194ddaecc43bc36adb908e9fe260
[debug] [2021-09-21T08:05:25.869Z] [uploadQueue] Retrying task 935e118d519fbb5f33c9da68c0cb74e2ad8b3979401aa3aade425555f5556004
[debug] [2021-09-21T08:05:25.870Z] [uploadQueue] Retrying task 7689ae7fb74f77875122fbc3b06cd9e3df46ce310e8161e4c0059370003b009b
[debug] [2021-09-21T08:05:25.965Z] [uploadQueue] Retrying task 953c5f6feda25383f4d600d860ad7d2f6f87061be0faf23c09f7e53c2256f72c
[debug] [2021-09-21T08:05:26.106Z] [uploadQueue] Retrying task 330a92b9219d587b4c587aae3a0a576fea992b7962753e3ce4167aa3c83d8958
[debug] [2021-09-21T08:05:26.354Z] [uploadQueue] Retrying task 39d87863af1440e9683dc64910607e0756a30556adfbdd88cfb2ec246ce9a231
[info] i  hosting: uploading new files [140/1854] (7%)
[debug] [2021-09-21T08:05:26.914Z] [uploadQueue] Retrying task 301253211e97f64e2b06171ce211bfbc53150f8012f1118734da3bce6e58ae8a
[debug] [2021-09-21T08:05:26.920Z] [uploadQueue] Retrying task 465efe3dd90dd591e1134dddf0177eec1e0ede7475391b37558a547660aa8075
[debug] [2021-09-21T08:05:26.976Z] [uploadQueue] Retrying task 2d1589fd5b2c35ac8aa42fb88a10d34b03d30bc4130f9e11c86798f2d36cb20f
[debug] [2021-09-21T08:05:27.132Z] [uploadQueue] Retrying task 67764d1b8a6126556e535dc27d420f5c03d47d08d29804ee3276218fe8a3ffac
[debug] [2021-09-21T08:05:27.419Z] [uploadQueue] Retrying task bd0f10613054f1c1b74f643d5ed0617bc71494ed047243a3071b7684105e0499
[debug] [2021-09-21T08:05:27.475Z] [uploadQueue] Retrying task e304ce3f937d581ded25de56138f32b5d9c207e78cb2354fa753baa6dae248e6
[debug] [2021-09-21T08:05:27.553Z] [uploadQueue] Retrying task a0685bc4e8e6b15e3b478386ef25633c3400703964ee8ffd769c5c7ed5d2c891
[debug] [2021-09-21T08:05:27.601Z] [uploadQueue] Retrying task 4f400f472dc9b84eb79e77a501b5400f6a6b2f788e6e702f65da61c6bec6363b
[debug] [2021-09-21T08:05:27.742Z] [uploadQueue] Retrying task 58161db3106fe6ee5d50d0a6801b77285d11add8e598d934e050708ab1cf318f
[debug] [2021-09-21T08:05:27.835Z] [uploadQueue] Retrying task e2bb07c909fedf6c5a56215184c0fe27fcd0956e32c76a4910c13a9dd40e81d9
[debug] [2021-09-21T08:05:27.930Z] [uploadQueue] Retrying task 71b6a8ab39e80c251f4fa6e3dcd3cc135608cbd9801270b025f43fa7fa13fd1c
[debug] [2021-09-21T08:05:27.938Z] [uploadQueue] Retrying task 955426a52cb5181b991cd080eaa2ae0a8ab58f5eaff4c6a29ae01981b7e9dc77
[debug] [2021-09-21T08:05:28.024Z] [uploadQueue] Retrying task 5b88b2b42650ebd33f2f05349307bee7abffb5c9df2a8bc53abd104751ad9c89
[debug] [2021-09-21T08:05:28.026Z] [uploadQueue] Retrying task 76f9e2ae4afa0f8dac9be7096ae327f8c04ebe8424ca6753b5dbad09a1d56194
[debug] [2021-09-21T08:05:28.614Z] [uploadQueue] Retrying task 631579ae7f1218873a0eeed9923774389a45b8cccbc520f851bd991e96e987eb
[debug] [2021-09-21T08:05:28.679Z] [uploadQueue] Retrying task 7051a4f32f888581e721a024f2744c91442a58ff1f5ce09904bd3b9020323f02
[debug] [2021-09-21T08:05:28.741Z] [uploadQueue] Retrying task c4b45865c4dabd5e98725a3e9ce1ad547f3aa6c30df1ee36c53b733b04c0328f
[debug] [2021-09-21T08:05:28.743Z] [uploadQueue] Retrying task 2a44873220fdc2de4d1c985f9c58be62c0ea6661a5c2291bf562dccc59098f1a
[debug] [2021-09-21T08:05:28.787Z] [uploadQueue] Retrying task 4af3a9382a561aab882af135f72aa820aa40d9ea939ed0a5e7d13b89bda28a3b
[info] i  hosting: uploading new files [140/1854] (7%)
[debug] [2021-09-21T08:05:28.818Z] [uploadQueue] Retrying task 82e26a8becce769d92ea37b3ad785ec299ec9904698303629506c9cfdbe41a0a
[debug] [2021-09-21T08:05:28.897Z] [uploadQueue] Retrying task ee5e37a9a4a9640365b5835d0756110e6deaf3517d37321e5e5fb2004f6a099d
[debug] [2021-09-21T08:05:28.915Z] [uploadQueue] Retrying task c12b558a71ca83a4a663d2a1df74d075a2a256f676c5f8d3c87f960eae561719
[debug] [2021-09-21T08:05:29.225Z] [uploadQueue] Retrying task a7e87ddb4b0578a054eb57520229f7ed6b0d2ddde73cfc38447116ca1a04086f
[debug] [2021-09-21T08:05:29.334Z] [uploadQueue] Retrying task 9ae67e061eced082593cbe0547f01931fc4903c9776eca1ec338ed27bc3426f8
[debug] [2021-09-21T08:05:29.341Z] [uploadQueue] Retrying task 44948d7119930542df963be85abdef63135e6ba6b5529fbc59e541bdd42f1371
[debug] [2021-09-21T08:05:29.743Z] [uploadQueue] Retrying task 076f9753ba44c20dc65e072147ddf5848f981ae45ba22bb00fcd8420af261f63
[debug] [2021-09-21T08:05:30.226Z] [uploadQueue] Retrying task 021bd536cfa0dce04a346778a21e6753c003c73ab4bbb3d4af42872467594027
[debug] [2021-09-21T08:05:30.428Z] [uploadQueue] Retrying task 4890fe2aa26c79b647291d79e00fb785ec477f0f7a58942699c6656658dff264
[info] i  hosting: uploading new files [140/1854] (7%)
[debug] [2021-09-21T08:05:31.343Z] [uploadQueue] Retrying task 7e56d6b31fe6eaa82085ce7d218a5dc12201b5546ff57e1d8e7942d33b1f5fa9
[debug] [2021-09-21T08:05:31.532Z] [uploadQueue] Retrying task 29778f8f08514b2f778666cad534d881ada189be8be98e4a3dc42e99e5aae1ee
[debug] [2021-09-21T08:05:31.657Z] [uploadQueue] Retrying task 700d938b6e5a0440a4077de25bc5f08a10c8f3a325ef7d1e9e8ed5217a366972
[debug] [2021-09-21T08:05:31.663Z] [uploadQueue] Retrying task 926358746238c0b2f21614f903a7322e727cb6192537bff826bd41eab1c179cc
[debug] [2021-09-21T08:05:31.751Z] [uploadQueue] Retrying task 28cdf83a9460e8efb2fae9cf4cc86a500a671fff9ac817be5ef4900dc74d74dc
[debug] [2021-09-21T08:05:32.005Z] [uploadQueue] Retrying task 224e794bb3798e4e012e99582bdbd2f2d3d91de524fb5e619819712f65fd324f
[debug] [2021-09-21T08:05:32.100Z] [uploadQueue] Retrying task 39bed0a3aec006f2f5f3b4dffd93541f8339012d4718544f6ebdaef6fff1bf41
[debug] [2021-09-21T08:05:32.239Z] [uploadQueue] Retrying task f4150a1a742bd1f3c7d73ec0254fb7493dacfc9f441b10b122cc48a8674b0e03
[debug] [2021-09-21T08:05:32.377Z] [uploadQueue] Retrying task e3c8914013cb0bd069c4d3a68cdc763dd026ace062ff84da4f6bb0168bbfc6b3
[debug] [2021-09-21T08:05:32.486Z] [uploadQueue] Retrying task 9130ffbbf669674bd8d10736020c9c314641bc7f6fbc88e31ddf46649941b766
[debug] [2021-09-21T08:05:32.533Z] [uploadQueue] Retrying task 8e6c8cdd076040e683ff81cf396bb2ec80c9ecd1765dc12c8b982fec77ff22cb
[debug] [2021-09-21T08:05:32.796Z] [uploadQueue] Retrying task 772aa37096f078787b6bcd84a30f80728f45b523a7c7633197f9774eac9ba094
[info] i  hosting: uploading new files [140/1854] (7%)
[debug] [2021-09-21T08:05:33.110Z] [uploadQueue] Retrying task da1810f0f1848b5cf0dd68e9265149c4967fe46c749b9c3378028d7949d36130
[debug] [2021-09-21T08:05:33.328Z] [uploadQueue] Retrying task 5de59d181f2437ed2cd3b29ad73ba0f0ecf20785482caf056c2077382d4aabaf
[debug] [2021-09-21T08:05:33.390Z] [uploadQueue] Retrying task cd81a04c4c8637f945345b05788858c0a973f88db11c0a31e8310cf6066e0cf3
[debug] [2021-09-21T08:05:33.514Z] [uploadQueue] Retrying task cd1dd064cbb7d50c479bc2e2fbee34562916658f35e45def93fe67250f66f04b
[debug] [2021-09-21T08:05:34.058Z] [uploadQueue] Retrying task 917f1334a63e8b8d991c14201a9672d4be081207ca251c75a2e9f59868e4b1e3
[debug] [2021-09-21T08:05:34.592Z] [uploadQueue] Retrying task 38fd72269fb685a7ea9f93a5fdb3659f9cb5267a00fc8609c347879b111b1dc8
[debug] [2021-09-21T08:05:34.653Z] [uploadQueue] Retrying task ef358f8eebec6f86fe8efc5ec804aa1ebaca416e24c5d72e3ad062c29c64c8a5
[debug] [2021-09-21T08:05:34.793Z] [uploadQueue] Retrying task 3eeb42a27035b17708b9f1d29e3cfcc93f5a71f13c65eab01a1687991e7d5a49
[info] i  hosting: uploading new files [141/1854] (7%)
[debug] [2021-09-21T08:05:35.105Z] [uploadQueue] Retrying task ff0564bf55167bcf65683dab1f9e2ecf6f78800b9485a9fdbe5d72c44a464825
[debug] [2021-09-21T08:05:35.911Z] [uploadQueue] Retrying task 7e7220394af2aab266805830aa7113c54bc314a439bc77fe2e35364842dcbed6
[debug] [2021-09-21T08:05:35.957Z] [uploadQueue] Retrying task 7c5f917a96dfc7515c97f4ebc531485a4058ea7207b63115db6d805d06258ac5
[debug] [2021-09-21T08:05:36.160Z] [uploadQueue] Retrying task d0cb41b087cc6ee6bcc32549de75edd7c86e2ff799fd788b822a6929237196a3
[debug] [2021-09-21T08:05:36.539Z] [uploadQueue] Retrying task 9cb8278e3675fb6c40ad643cdb9af82342ca2fc69e33b0a32d70685d1ccc931b
[debug] [2021-09-21T08:05:36.600Z] [uploadQueue] Retrying task bafb1155f6bb4cb51380b93e935a62a04c37137288a79225c45c97fcc28b4aed
[info] i  hosting: uploading new files [142/1854] (7%)
[debug] [2021-09-21T08:05:36.955Z] [uploadQueue] Retrying task c854fb9fccf278a80371ed1d856fc3b68c6369580c6380162d289a6a0865e2ec
[debug] [2021-09-21T08:05:37.032Z] [uploadQueue] Retrying task d6807d4ca81fa7b4120b298bdc25c138c4c9be58f4defe85dad2747820dc180b
[debug] [2021-09-21T08:05:37.093Z] [uploadQueue] Retrying task 2a56a5792181b10ed5eabb51d773cebaaf982ab6848ca86b6214cce1394da2c0
[debug] [2021-09-21T08:05:37.508Z] FirebaseError: Task 7689ae7fb74f77875122fbc3b06cd9e3df46ce310e8161e4c0059370003b009b failed: retries exhausted after 6 attempts
[debug] [2021-09-21T08:05:37.508Z] [hosting][upload queue][FINAL]
[debug] [2021-09-21T08:05:37.512Z] Error: Client network socket disconnected before secure TLS connection was established
    at connResetException (internal/errors.js:607:14)
    at TLSSocket.onConnectEnd (_tls_wrap.js:1544:19)
    at TLSSocket.emit (events.js:327:22)
    at TLSSocket.EventEmitter.emit (domain.js:467:12)
    at endReadableNT (internal/streams/readable.js:1327:12)
    at processTicksAndRejections (internal/process/task_queues.js:80:21)
[error] 
[error] Error: Task 7689ae7fb74f77875122fbc3b06cd9e3df46ce310e8161e4c0059370003b009b failed: retries exhausted after 6 attempts
